[20:07:16] [info] GREYBOXENGINE: Creating window Greybox Engine (1280, 720)
[20:07:17] [info] APP: TestLayer::Update
[20:07:17] [info] APP: TestLayer::Update
[20:07:17] [info] APP: TestLayer::Update
[20:07:17] [info] APP: TestLayer::Update
[20:07:17] [info] APP: TestLayer::Update
[20:07:17] [info] APP: TestLayer::Update
[20:07:17] [info] APP: TestLayer::Update
[20:07:17] [info] APP: TestLayer::Update
[20:07:17] [info] APP: TestLayer::Update
[20:07:17] [info] APP: TestLayer::Update
[20:07:17] [info] APP: TestLayer::Update
[20:07:17] [info] APP: TestLayer::Update
[20:07:17] [info] APP: TestLayer::Update
[20:07:17] [info] APP: TestLayer::Update
[20:07:17] [info] APP: TestLayer::Update
[20:07:17] [info] APP: TestLayer::Update
[20:07:17] [info] APP: TestLayer::Update
[20:07:17] [info] APP: TestLayer::Update
[20:07:17] [info] APP: TestLayer::Update
[20:07:17] [info] APP: TestLayer::Update
[20:07:17] [info] APP: TestLayer::Update
[20:07:17] [info] APP: TestLayer::Update
[20:07:17] [info] APP: TestLayer::Update
[20:07:17] [info] APP: TestLayer::Update
[20:07:17] [info] APP: TestLayer::Update
[20:07:17] [info] APP: TestLayer::Update
[20:07:17] [info] APP: TestLayer::Update
[20:07:17] [info] APP: TestLayer::Update
[20:07:17] [info] APP: TestLayer::Update
[20:07:17] [info] APP: TestLayer::Update
[20:07:17] [info] APP: TestLayer::Update
[20:07:17] [info] APP: TestLayer::Update
[20:07:17] [info] APP: TestLayer::Update
[20:07:17] [info] APP: TestLayer::Update
[20:07:17] [info] GREYBOXENGINE: MouseMovedEvent: 1249, 290
[20:07:17] [trace] APP: MouseMovedEvent: 1249, 290
[20:07:17] [info] GREYBOXENGINE: MouseMovedEvent: 1245, 289
[20:07:17] [trace] APP: MouseMovedEvent: 1245, 289
[20:07:17] [info] GREYBOXENGINE: MouseMovedEvent: 1241, 288
[20:07:17] [trace] APP: MouseMovedEvent: 1241, 288
[20:07:17] [info] GREYBOXENGINE: MouseMovedEvent: 1236, 288
[20:07:17] [trace] APP: MouseMovedEvent: 1236, 288
[20:07:17] [info] GREYBOXENGINE: MouseMovedEvent: 1232, 287
[20:07:17] [trace] APP: MouseMovedEvent: 1232, 287
[20:07:17] [info] APP: TestLayer::Update
[20:07:17] [info] GREYBOXENGINE: MouseMovedEvent: 1175, 281
[20:07:17] [trace] APP: MouseMovedEvent: 1175, 281
[20:07:17] [info] GREYBOXENGINE: MouseMovedEvent: 1171, 280
[20:07:17] [trace] APP: MouseMovedEvent: 1171, 280
[20:07:17] [info] APP: TestLayer::Update
[20:07:17] [info] GREYBOXENGINE: MouseMovedEvent: 1109, 275
[20:07:17] [trace] APP: MouseMovedEvent: 1109, 275
[20:07:17] [info] GREYBOXENGINE: MouseMovedEvent: 1105, 274
[20:07:17] [trace] APP: MouseMovedEvent: 1105, 274
[20:07:17] [info] GREYBOXENGINE: MouseMovedEvent: 1100, 274
[20:07:17] [trace] APP: MouseMovedEvent: 1100, 274
[20:07:17] [info] GREYBOXENGINE: MouseMovedEvent: 1096, 274
[20:07:17] [trace] APP: MouseMovedEvent: 1096, 274
[20:07:17] [info] APP: TestLayer::Update
[20:07:17] [info] GREYBOXENGINE: MouseMovedEvent: 1041, 271
[20:07:17] [trace] APP: MouseMovedEvent: 1041, 271
[20:07:17] [info] GREYBOXENGINE: MouseMovedEvent: 1037, 270
[20:07:17] [trace] APP: MouseMovedEvent: 1037, 270
[20:07:17] [info] APP: TestLayer::Update
[20:07:17] [info] GREYBOXENGINE: MouseMovedEvent: 979, 268
[20:07:17] [trace] APP: MouseMovedEvent: 979, 268
[20:07:17] [info] APP: TestLayer::Update
[20:07:17] [info] GREYBOXENGINE: MouseMovedEvent: 931, 266
[20:07:17] [trace] APP: MouseMovedEvent: 931, 266
[20:07:17] [info] GREYBOXENGINE: MouseMovedEvent: 928, 266
[20:07:17] [trace] APP: MouseMovedEvent: 928, 266
[20:07:17] [info] GREYBOXENGINE: MouseMovedEvent: 925, 266
[20:07:17] [trace] APP: MouseMovedEvent: 925, 266
[20:07:17] [info] GREYBOXENGINE: MouseMovedEvent: 923, 266
[20:07:17] [trace] APP: MouseMovedEvent: 923, 266
[20:07:17] [info] APP: TestLayer::Update
[20:07:17] [info] GREYBOXENGINE: MouseMovedEvent: 891, 265
[20:07:17] [trace] APP: MouseMovedEvent: 891, 265
[20:07:17] [info] GREYBOXENGINE: MouseMovedEvent: 890, 264
[20:07:17] [trace] APP: MouseMovedEvent: 890, 264
[20:07:17] [info] APP: TestLayer::Update
[20:07:17] [info] GREYBOXENGINE: MouseMovedEvent: 869, 262
[20:07:17] [trace] APP: MouseMovedEvent: 869, 262
[20:07:17] [info] GREYBOXENGINE: MouseMovedEvent: 868, 262
[20:07:17] [trace] APP: MouseMovedEvent: 868, 262
[20:07:17] [info] APP: TestLayer::Update
[20:07:17] [info] GREYBOXENGINE: MouseMovedEvent: 860, 256
[20:07:17] [trace] APP: MouseMovedEvent: 860, 256
[20:07:17] [info] GREYBOXENGINE: MouseMovedEvent: 859, 256
[20:07:17] [trace] APP: MouseMovedEvent: 859, 256
[20:07:17] [info] GREYBOXENGINE: MouseMovedEvent: 859, 255
[20:07:17] [trace] APP: MouseMovedEvent: 859, 255
[20:07:17] [info] APP: TestLayer::Update
[20:07:17] [info] GREYBOXENGINE: MouseMovedEvent: 861, 249
[20:07:17] [trace] APP: MouseMovedEvent: 861, 249
[20:07:17] [info] APP: TestLayer::Update
[20:07:17] [info] APP: TestLayer::Update
[20:07:17] [info] APP: TestLayer::Update
[20:07:17] [info] APP: TestLayer::Update
[20:07:17] [info] APP: TestLayer::Update
[20:07:17] [info] APP: TestLayer::Update
[20:07:17] [info] APP: TestLayer::Update
[20:07:17] [info] APP: TestLayer::Update
[20:07:17] [info] APP: TestLayer::Update
[20:07:18] [info] APP: TestLayer::Update
[20:07:18] [info] APP: TestLayer::Update
[20:07:18] [info] APP: TestLayer::Update
[20:07:18] [info] APP: TestLayer::Update
[20:07:18] [info] GREYBOXENGINE: MouseMovedEvent: 858, 253
[20:07:18] [trace] APP: MouseMovedEvent: 858, 253
[20:07:18] [info] APP: TestLayer::Update
[20:07:18] [info] GREYBOXENGINE: MouseMovedEvent: 858, 255
[20:07:18] [trace] APP: MouseMovedEvent: 858, 255
[20:07:18] [info] GREYBOXENGINE: MouseMovedEvent: 857, 255
[20:07:18] [trace] APP: MouseMovedEvent: 857, 255
[20:07:18] [info] APP: TestLayer::Update
[20:07:18] [info] GREYBOXENGINE: MouseMovedEvent: 856, 259
[20:07:18] [trace] APP: MouseMovedEvent: 856, 259
[20:07:18] [info] GREYBOXENGINE: MouseMovedEvent: 856, 260
[20:07:18] [trace] APP: MouseMovedEvent: 856, 260
[20:07:18] [info] APP: TestLayer::Update
[20:07:18] [info] GREYBOXENGINE: MouseMovedEvent: 856, 262
[20:07:18] [trace] APP: MouseMovedEvent: 856, 262
[20:07:18] [info] APP: TestLayer::Update
[20:07:18] [info] APP: TestLayer::Update
[20:07:18] [info] GREYBOXENGINE: MouseMovedEvent: 856, 263
[20:07:18] [trace] APP: MouseMovedEvent: 856, 263
[20:07:18] [info] APP: TestLayer::Update
[20:07:18] [info] APP: TestLayer::Update
[20:07:18] [info] GREYBOXENGINE: MouseMovedEvent: 855, 265
[20:07:18] [trace] APP: MouseMovedEvent: 855, 265
[20:07:18] [info] APP: TestLayer::Update
[20:07:18] [info] APP: TestLayer::Update
[20:07:18] [info] GREYBOXENGINE: MouseMovedEvent: 855, 266
[20:07:18] [trace] APP: MouseMovedEvent: 855, 266
[20:07:18] [info] APP: TestLayer::Update
[20:07:18] [info] GREYBOXENGINE: MouseMovedEvent: 855, 267
[20:07:18] [trace] APP: MouseMovedEvent: 855, 267
[20:07:18] [info] APP: TestLayer::Update
[20:07:18] [info] APP: TestLayer::Update
[20:07:18] [info] APP: TestLayer::Update
[20:07:18] [info] APP: TestLayer::Update
[20:07:18] [info] APP: TestLayer::Update
[20:07:18] [info] APP: TestLayer::Update
[20:07:18] [info] APP: TestLayer::Update
[20:07:18] [info] APP: TestLayer::Update
[20:07:18] [info] APP: TestLayer::Update
[20:07:18] [info] APP: TestLayer::Update
[20:07:18] [info] APP: TestLayer::Update
[20:07:18] [info] APP: TestLayer::Update
[20:07:18] [info] APP: TestLayer::Update
[20:07:18] [info] APP: TestLayer::Update
[20:07:18] [info] APP: TestLayer::Update
[20:07:18] [info] APP: TestLayer::Update
[20:07:18] [info] APP: TestLayer::Update
[20:07:18] [info] APP: TestLayer::Update
[20:07:18] [info] APP: TestLayer::Update
[20:07:18] [info] APP: TestLayer::Update
[20:07:18] [info] APP: TestLayer::Update
[20:07:18] [info] APP: TestLayer::Update
[20:07:18] [info] APP: TestLayer::Update
[20:07:18] [info] APP: TestLayer::Update
[20:07:18] [info] APP: TestLayer::Update
[20:07:18] [info] APP: TestLayer::Update
[20:07:18] [info] APP: TestLayer::Update
[20:07:18] [info] APP: TestLayer::Update
[20:07:18] [info] APP: TestLayer::Update
[20:07:18] [info] APP: TestLayer::Update
[20:07:18] [info] APP: TestLayer::Update
[20:07:18] [info] APP: TestLayer::Update
[20:07:18] [info] APP: TestLayer::Update
[20:07:18] [info] APP: TestLayer::Update
[20:07:18] [info] APP: TestLayer::Update
[20:07:18] [info] APP: TestLayer::Update
[20:07:18] [info] APP: TestLayer::Update
[20:07:18] [info] GREYBOXENGINE: MouseMovedEvent: 855, 270
[20:07:18] [trace] APP: MouseMovedEvent: 855, 270
[20:07:18] [info] APP: TestLayer::Update
[20:07:18] [info] GREYBOXENGINE: MouseMovedEvent: 855, 274
[20:07:18] [trace] APP: MouseMovedEvent: 855, 274
[20:07:18] [info] GREYBOXENGINE: MouseMovedEvent: 855, 275
[20:07:18] [trace] APP: MouseMovedEvent: 855, 275
[20:07:18] [info] APP: TestLayer::Update
[20:07:18] [info] GREYBOXENGINE: MouseMovedEvent: 854, 281
[20:07:18] [trace] APP: MouseMovedEvent: 854, 281
[20:07:18] [info] APP: TestLayer::Update
[20:07:18] [info] GREYBOXENGINE: MouseMovedEvent: 850, 287
[20:07:18] [trace] APP: MouseMovedEvent: 850, 287
[20:07:18] [info] GREYBOXENGINE: MouseMovedEvent: 850, 288
[20:07:18] [trace] APP: MouseMovedEvent: 850, 288
[20:07:18] [info] APP: TestLayer::Update
[20:07:18] [info] GREYBOXENGINE: MouseMovedEvent: 844, 293
[20:07:18] [trace] APP: MouseMovedEvent: 844, 293
[20:07:18] [info] APP: TestLayer::Update
[20:07:18] [info] GREYBOXENGINE: MouseMovedEvent: 836, 298
[20:07:18] [trace] APP: MouseMovedEvent: 836, 298
[20:07:18] [info] APP: TestLayer::Update
[20:07:18] [info] GREYBOXENGINE: MouseMovedEvent: 825, 302
[20:07:18] [trace] APP: MouseMovedEvent: 825, 302
[20:07:18] [info] GREYBOXENGINE: MouseMovedEvent: 824, 302
[20:07:18] [trace] APP: MouseMovedEvent: 824, 302
[20:07:18] [info] APP: TestLayer::Update
[20:07:18] [info] GREYBOXENGINE: MouseMovedEvent: 812, 305
[20:07:18] [trace] APP: MouseMovedEvent: 812, 305
[20:07:18] [info] GREYBOXENGINE: MouseMovedEvent: 811, 305
[20:07:18] [trace] APP: MouseMovedEvent: 811, 305
[20:07:18] [info] GREYBOXENGINE: MouseMovedEvent: 810, 306
[20:07:18] [trace] APP: MouseMovedEvent: 810, 306
[20:07:18] [info] GREYBOXENGINE: MouseMovedEvent: 809, 306
[20:07:18] [trace] APP: MouseMovedEvent: 809, 306
[20:07:18] [info] GREYBOXENGINE: MouseMovedEvent: 808, 306
[20:07:18] [trace] APP: MouseMovedEvent: 808, 306
[20:07:18] [info] APP: TestLayer::Update
[20:07:18] [info] GREYBOXENGINE: MouseMovedEvent: 794, 306
[20:07:18] [trace] APP: MouseMovedEvent: 794, 306
[20:07:18] [info] GREYBOXENGINE: MouseMovedEvent: 793, 306
[20:07:18] [trace] APP: MouseMovedEvent: 793, 306
[20:07:18] [info] GREYBOXENGINE: MouseMovedEvent: 792, 306
[20:07:18] [trace] APP: MouseMovedEvent: 792, 306
[20:07:18] [info] GREYBOXENGINE: MouseMovedEvent: 791, 306
[20:07:18] [trace] APP: MouseMovedEvent: 791, 306
[20:07:18] [info] APP: TestLayer::Update
[20:07:18] [info] GREYBOXENGINE: MouseMovedEvent: 778, 305
[20:07:18] [trace] APP: MouseMovedEvent: 778, 305
[20:07:19] [info] APP: TestLayer::Update
[20:07:19] [info] GREYBOXENGINE: MouseMovedEvent: 766, 303
[20:07:19] [trace] APP: MouseMovedEvent: 766, 303
[20:07:19] [info] GREYBOXENGINE: MouseMovedEvent: 765, 302
[20:07:19] [trace] APP: MouseMovedEvent: 765, 302
[20:07:19] [info] GREYBOXENGINE: MouseMovedEvent: 764, 302
[20:07:19] [trace] APP: MouseMovedEvent: 764, 302
[20:07:19] [info] GREYBOXENGINE: MouseMovedEvent: 763, 302
[20:07:19] [trace] APP: MouseMovedEvent: 763, 302
[20:07:19] [info] APP: TestLayer::Update
[20:07:19] [info] GREYBOXENGINE: MouseMovedEvent: 753, 298
[20:07:19] [trace] APP: MouseMovedEvent: 753, 298
[20:07:19] [info] GREYBOXENGINE: MouseMovedEvent: 752, 298
[20:07:19] [trace] APP: MouseMovedEvent: 752, 298
[20:07:19] [info] APP: TestLayer::Update
[20:07:19] [info] GREYBOXENGINE: MouseMovedEvent: 744, 293
[20:07:19] [trace] APP: MouseMovedEvent: 744, 293
[20:07:19] [info] APP: TestLayer::Update
[20:07:19] [info] GREYBOXENGINE: MouseMovedEvent: 740, 289
[20:07:19] [trace] APP: MouseMovedEvent: 740, 289
[20:07:19] [info] GREYBOXENGINE: MouseMovedEvent: 739, 288
[20:07:19] [trace] APP: MouseMovedEvent: 739, 288
[20:07:19] [info] APP: TestLayer::Update
[20:07:19] [info] GREYBOXENGINE: MouseMovedEvent: 737, 284
[20:07:19] [trace] APP: MouseMovedEvent: 737, 284
[20:07:19] [info] APP: TestLayer::Update
[20:07:19] [info] GREYBOXENGINE: MouseMovedEvent: 736, 279
[20:07:19] [trace] APP: MouseMovedEvent: 736, 279
[20:07:19] [info] APP: TestLayer::Update
[20:07:19] [info] GREYBOXENGINE: MouseMovedEvent: 735, 274
[20:07:19] [trace] APP: MouseMovedEvent: 735, 274
[20:07:19] [info] GREYBOXENGINE: MouseMovedEvent: 735, 273
[20:07:19] [trace] APP: MouseMovedEvent: 735, 273
[20:07:19] [info] APP: TestLayer::Update
[20:07:19] [info] GREYBOXENGINE: MouseMovedEvent: 736, 266
[20:07:19] [trace] APP: MouseMovedEvent: 736, 266
[20:07:19] [info] APP: TestLayer::Update
[20:07:19] [info] GREYBOXENGINE: MouseMovedEvent: 739, 259
[20:07:19] [trace] APP: MouseMovedEvent: 739, 259
[20:07:19] [info] GREYBOXENGINE: MouseMovedEvent: 740, 258
[20:07:19] [trace] APP: MouseMovedEvent: 740, 258
[20:07:19] [info] APP: TestLayer::Update
[20:07:19] [info] GREYBOXENGINE: MouseMovedEvent: 744, 252
[20:07:19] [trace] APP: MouseMovedEvent: 744, 252
[20:07:19] [info] APP: TestLayer::Update
[20:07:19] [info] GREYBOXENGINE: MouseMovedEvent: 750, 247
[20:07:19] [trace] APP: MouseMovedEvent: 750, 247
[20:07:19] [info] GREYBOXENGINE: MouseMovedEvent: 751, 246
[20:07:19] [trace] APP: MouseMovedEvent: 751, 246
[20:07:19] [info] APP: TestLayer::Update
[20:07:19] [info] GREYBOXENGINE: MouseMovedEvent: 757, 242
[20:07:19] [trace] APP: MouseMovedEvent: 757, 242
[20:07:19] [info] GREYBOXENGINE: MouseMovedEvent: 758, 242
[20:07:19] [trace] APP: MouseMovedEvent: 758, 242
[20:07:19] [info] APP: TestLayer::Update
[20:07:19] [info] GREYBOXENGINE: MouseMovedEvent: 765, 238
[20:07:19] [trace] APP: MouseMovedEvent: 765, 238
[20:07:19] [info] GREYBOXENGINE: MouseMovedEvent: 765, 237
[20:07:19] [trace] APP: MouseMovedEvent: 765, 237
[20:07:19] [info] APP: TestLayer::Update
[20:07:19] [info] GREYBOXENGINE: MouseMovedEvent: 774, 235
[20:07:19] [trace] APP: MouseMovedEvent: 774, 235
[20:07:19] [info] GREYBOXENGINE: MouseMovedEvent: 775, 235
[20:07:19] [trace] APP: MouseMovedEvent: 775, 235
[20:07:19] [info] APP: TestLayer::Update
[20:07:19] [info] GREYBOXENGINE: MouseMovedEvent: 787, 234
[20:07:19] [trace] APP: MouseMovedEvent: 787, 234
[20:07:19] [info] GREYBOXENGINE: MouseMovedEvent: 788, 234
[20:07:19] [trace] APP: MouseMovedEvent: 788, 234
[20:07:19] [info] APP: TestLayer::Update
[20:07:19] [info] GREYBOXENGINE: MouseMovedEvent: 801, 235
[20:07:19] [trace] APP: MouseMovedEvent: 801, 235
[20:07:19] [info] GREYBOXENGINE: MouseMovedEvent: 802, 235
[20:07:19] [trace] APP: MouseMovedEvent: 802, 235
[20:07:19] [info] GREYBOXENGINE: MouseMovedEvent: 803, 235
[20:07:19] [trace] APP: MouseMovedEvent: 803, 235
[20:07:19] [info] GREYBOXENGINE: MouseMovedEvent: 804, 235
[20:07:19] [trace] APP: MouseMovedEvent: 804, 235
[20:07:19] [info] GREYBOXENGINE: MouseMovedEvent: 805, 235
[20:07:19] [trace] APP: MouseMovedEvent: 805, 235
[20:07:19] [info] GREYBOXENGINE: MouseMovedEvent: 806, 236
[20:07:19] [trace] APP: MouseMovedEvent: 806, 236
[20:07:19] [info] APP: TestLayer::Update
[20:07:19] [info] GREYBOXENGINE: MouseMovedEvent: 817, 237
[20:07:19] [trace] APP: MouseMovedEvent: 817, 237
[20:07:19] [info] GREYBOXENGINE: MouseMovedEvent: 819, 237
[20:07:19] [trace] APP: MouseMovedEvent: 819, 237
[20:07:19] [info] GREYBOXENGINE: MouseMovedEvent: 820, 237
[20:07:19] [trace] APP: MouseMovedEvent: 820, 237
[20:07:19] [info] GREYBOXENGINE: MouseMovedEvent: 820, 238
[20:07:19] [trace] APP: MouseMovedEvent: 820, 238
[20:07:19] [info] APP: TestLayer::Update
[20:07:19] [info] GREYBOXENGINE: MouseMovedEvent: 834, 242
[20:07:19] [trace] APP: MouseMovedEvent: 834, 242
[20:07:19] [info] GREYBOXENGINE: MouseMovedEvent: 835, 243
[20:07:19] [trace] APP: MouseMovedEvent: 835, 243
[20:07:19] [info] GREYBOXENGINE: MouseMovedEvent: 836, 243
[20:07:19] [trace] APP: MouseMovedEvent: 836, 243
[20:07:19] [info] APP: TestLayer::Update
[20:07:19] [info] GREYBOXENGINE: MouseMovedEvent: 849, 249
[20:07:19] [trace] APP: MouseMovedEvent: 849, 249
[20:07:19] [info] GREYBOXENGINE: MouseMovedEvent: 850, 249
[20:07:19] [trace] APP: MouseMovedEvent: 850, 249
[20:07:19] [info] GREYBOXENGINE: MouseMovedEvent: 851, 249
[20:07:19] [trace] APP: MouseMovedEvent: 851, 249
[20:07:19] [info] GREYBOXENGINE: MouseMovedEvent: 852, 250
[20:07:19] [trace] APP: MouseMovedEvent: 852, 250
[20:07:19] [info] GREYBOXENGINE: MouseMovedEvent: 853, 250
[20:07:19] [trace] APP: MouseMovedEvent: 853, 250
[20:07:19] [info] GREYBOXENGINE: MouseMovedEvent: 854, 251
[20:07:19] [trace] APP: MouseMovedEvent: 854, 251
[20:07:19] [info] APP: TestLayer::Update
[20:07:19] [info] GREYBOXENGINE: MouseMovedEvent: 864, 257
[20:07:19] [trace] APP: MouseMovedEvent: 864, 257
[20:07:19] [info] GREYBOXENGINE: MouseMovedEvent: 865, 258
[20:07:19] [trace] APP: MouseMovedEvent: 865, 258
[20:07:19] [info] GREYBOXENGINE: MouseMovedEvent: 866, 258
[20:07:19] [trace] APP: MouseMovedEvent: 866, 258
[20:07:19] [info] GREYBOXENGINE: MouseMovedEvent: 866, 259
[20:07:19] [trace] APP: MouseMovedEvent: 866, 259
[20:07:19] [info] APP: TestLayer::Update
[20:07:19] [info] GREYBOXENGINE: MouseMovedEvent: 875, 269
[20:07:19] [trace] APP: MouseMovedEvent: 875, 269
[20:07:19] [info] GREYBOXENGINE: MouseMovedEvent: 876, 270
[20:07:19] [trace] APP: MouseMovedEvent: 876, 270
[20:07:19] [info] APP: TestLayer::Update
[20:07:19] [info] GREYBOXENGINE: MouseMovedEvent: 882, 282
[20:07:19] [trace] APP: MouseMovedEvent: 882, 282
[20:07:19] [info] GREYBOXENGINE: MouseMovedEvent: 883, 283
[20:07:19] [trace] APP: MouseMovedEvent: 883, 283
[20:07:19] [info] APP: TestLayer::Update
[20:07:19] [info] GREYBOXENGINE: MouseMovedEvent: 885, 294
[20:07:19] [trace] APP: MouseMovedEvent: 885, 294
[20:07:19] [info] GREYBOXENGINE: MouseMovedEvent: 885, 295
[20:07:19] [trace] APP: MouseMovedEvent: 885, 295
[20:07:19] [info] APP: TestLayer::Update
[20:07:19] [info] GREYBOXENGINE: MouseMovedEvent: 883, 306
[20:07:19] [trace] APP: MouseMovedEvent: 883, 306
[20:07:19] [info] APP: TestLayer::Update
[20:07:19] [info] GREYBOXENGINE: MouseMovedEvent: 878, 316
[20:07:19] [trace] APP: MouseMovedEvent: 878, 316
[20:07:19] [info] GREYBOXENGINE: MouseMovedEvent: 877, 317
[20:07:19] [trace] APP: MouseMovedEvent: 877, 317
[20:07:19] [info] APP: TestLayer::Update
[20:07:19] [info] GREYBOXENGINE: MouseMovedEvent: 867, 326
[20:07:19] [trace] APP: MouseMovedEvent: 867, 326
[20:07:19] [info] APP: TestLayer::Update
[20:07:19] [info] GREYBOXENGINE: MouseMovedEvent: 853, 334
[20:07:19] [trace] APP: MouseMovedEvent: 853, 334
[20:07:19] [info] GREYBOXENGINE: MouseMovedEvent: 852, 334
[20:07:19] [trace] APP: MouseMovedEvent: 852, 334
[20:07:19] [info] GREYBOXENGINE: MouseMovedEvent: 851, 335
[20:07:19] [trace] APP: MouseMovedEvent: 851, 335
[20:07:19] [info] APP: TestLayer::Update
[20:07:19] [info] GREYBOXENGINE: MouseMovedEvent: 837, 339
[20:07:19] [trace] APP: MouseMovedEvent: 837, 339
[20:07:19] [info] GREYBOXENGINE: MouseMovedEvent: 836, 339
[20:07:19] [trace] APP: MouseMovedEvent: 836, 339
[20:07:19] [info] GREYBOXENGINE: MouseMovedEvent: 834, 339
[20:07:19] [trace] APP: MouseMovedEvent: 834, 339
[20:07:19] [info] GREYBOXENGINE: MouseMovedEvent: 833, 339
[20:07:19] [trace] APP: MouseMovedEvent: 833, 339
[20:07:19] [info] GREYBOXENGINE: MouseMovedEvent: 832, 340
[20:07:19] [trace] APP: MouseMovedEvent: 832, 340
[20:07:19] [info] GREYBOXENGINE: MouseMovedEvent: 831, 340
[20:07:19] [trace] APP: MouseMovedEvent: 831, 340
[20:07:19] [info] GREYBOXENGINE: MouseMovedEvent: 829, 340
[20:07:19] [trace] APP: MouseMovedEvent: 829, 340
[20:07:19] [info] GREYBOXENGINE: MouseMovedEvent: 828, 340
[20:07:19] [trace] APP: MouseMovedEvent: 828, 340
[20:07:19] [info] APP: TestLayer::Update
[20:07:19] [info] GREYBOXENGINE: MouseMovedEvent: 815, 341
[20:07:19] [trace] APP: MouseMovedEvent: 815, 341
[20:07:19] [info] GREYBOXENGINE: MouseMovedEvent: 814, 341
[20:07:19] [trace] APP: MouseMovedEvent: 814, 341
[20:07:19] [info] GREYBOXENGINE: MouseMovedEvent: 812, 341
[20:07:19] [trace] APP: MouseMovedEvent: 812, 341
[20:07:19] [info] GREYBOXENGINE: MouseMovedEvent: 811, 341
[20:07:19] [trace] APP: MouseMovedEvent: 811, 341
[20:07:19] [info] GREYBOXENGINE: MouseMovedEvent: 808, 341
[20:07:19] [trace] APP: MouseMovedEvent: 808, 341
[20:07:19] [info] APP: TestLayer::Update
[20:07:19] [info] GREYBOXENGINE: MouseMovedEvent: 790, 341
[20:07:19] [trace] APP: MouseMovedEvent: 790, 341
[20:07:19] [info] GREYBOXENGINE: MouseMovedEvent: 788, 341
[20:07:19] [trace] APP: MouseMovedEvent: 788, 341
[20:07:19] [info] GREYBOXENGINE: MouseMovedEvent: 786, 341
[20:07:19] [trace] APP: MouseMovedEvent: 786, 341
[20:07:19] [info] GREYBOXENGINE: MouseMovedEvent: 785, 341
[20:07:19] [trace] APP: MouseMovedEvent: 785, 341
[20:07:19] [info] GREYBOXENGINE: MouseMovedEvent: 783, 340
[20:07:19] [trace] APP: MouseMovedEvent: 783, 340
[20:07:19] [info] GREYBOXENGINE: MouseMovedEvent: 781, 340
[20:07:19] [trace] APP: MouseMovedEvent: 781, 340
[20:07:19] [info] APP: TestLayer::Update
[20:07:19] [info] GREYBOXENGINE: MouseMovedEvent: 763, 337
[20:07:19] [trace] APP: MouseMovedEvent: 763, 337
[20:07:19] [info] GREYBOXENGINE: MouseMovedEvent: 759, 337
[20:07:19] [trace] APP: MouseMovedEvent: 759, 337
[20:07:19] [info] GREYBOXENGINE: MouseMovedEvent: 758, 336
[20:07:19] [trace] APP: MouseMovedEvent: 758, 336
[20:07:19] [info] GREYBOXENGINE: MouseMovedEvent: 756, 336
[20:07:19] [trace] APP: MouseMovedEvent: 756, 336
[20:07:19] [info] GREYBOXENGINE: MouseMovedEvent: 755, 336
[20:07:19] [trace] APP: MouseMovedEvent: 755, 336
[20:07:19] [info] APP: TestLayer::Update
[20:07:19] [info] GREYBOXENGINE: MouseMovedEvent: 737, 332
[20:07:19] [trace] APP: MouseMovedEvent: 737, 332
[20:07:19] [info] GREYBOXENGINE: MouseMovedEvent: 736, 332
[20:07:19] [trace] APP: MouseMovedEvent: 736, 332
[20:07:19] [info] GREYBOXENGINE: MouseMovedEvent: 735, 331
[20:07:19] [trace] APP: MouseMovedEvent: 735, 331
[20:07:19] [info] GREYBOXENGINE: MouseMovedEvent: 733, 331
[20:07:19] [trace] APP: MouseMovedEvent: 733, 331
[20:07:19] [info] APP: TestLayer::Update
[20:07:19] [info] GREYBOXENGINE: MouseMovedEvent: 717, 323
[20:07:19] [trace] APP: MouseMovedEvent: 717, 323
[20:07:19] [info] GREYBOXENGINE: MouseMovedEvent: 716, 323
[20:07:19] [trace] APP: MouseMovedEvent: 716, 323
[20:07:19] [info] APP: TestLayer::Update
[20:07:19] [info] GREYBOXENGINE: MouseMovedEvent: 705, 314
[20:07:19] [trace] APP: MouseMovedEvent: 705, 314
[20:07:19] [info] APP: TestLayer::Update
[20:07:19] [info] GREYBOXENGINE: MouseMovedEvent: 702, 305
[20:07:19] [trace] APP: MouseMovedEvent: 702, 305
[20:07:19] [info] GREYBOXENGINE: MouseMovedEvent: 702, 304
[20:07:19] [trace] APP: MouseMovedEvent: 702, 304
[20:07:19] [info] APP: TestLayer::Update
[20:07:19] [info] GREYBOXENGINE: MouseMovedEvent: 703, 295
[20:07:19] [trace] APP: MouseMovedEvent: 703, 295
[20:07:19] [info] GREYBOXENGINE: MouseMovedEvent: 703, 294
[20:07:19] [trace] APP: MouseMovedEvent: 703, 294
[20:07:19] [info] APP: TestLayer::Update
[20:07:19] [info] GREYBOXENGINE: MouseMovedEvent: 708, 285
[20:07:19] [trace] APP: MouseMovedEvent: 708, 285
[20:07:19] [info] APP: TestLayer::Update
[20:07:19] [info] GREYBOXENGINE: MouseMovedEvent: 715, 277
[20:07:19] [trace] APP: MouseMovedEvent: 715, 277
[20:07:19] [info] GREYBOXENGINE: MouseMovedEvent: 716, 276
[20:07:19] [trace] APP: MouseMovedEvent: 716, 276
[20:07:19] [info] APP: TestLayer::Update
[20:07:19] [info] GREYBOXENGINE: MouseMovedEvent: 723, 270
[20:07:19] [trace] APP: MouseMovedEvent: 723, 270
[20:07:19] [info] GREYBOXENGINE: MouseMovedEvent: 724, 270
[20:07:19] [trace] APP: MouseMovedEvent: 724, 270
[20:07:19] [info] GREYBOXENGINE: MouseMovedEvent: 725, 269
[20:07:19] [trace] APP: MouseMovedEvent: 725, 269
[20:07:19] [info] APP: TestLayer::Update
[20:07:19] [info] GREYBOXENGINE: MouseMovedEvent: 733, 265
[20:07:19] [trace] APP: MouseMovedEvent: 733, 265
[20:07:19] [info] APP: TestLayer::Update
[20:07:19] [info] GREYBOXENGINE: MouseMovedEvent: 744, 262
[20:07:19] [trace] APP: MouseMovedEvent: 744, 262
[20:07:19] [info] GREYBOXENGINE: MouseMovedEvent: 745, 262
[20:07:19] [trace] APP: MouseMovedEvent: 745, 262
[20:07:19] [info] APP: TestLayer::Update
[20:07:19] [info] GREYBOXENGINE: MouseMovedEvent: 757, 261
[20:07:19] [trace] APP: MouseMovedEvent: 757, 261
[20:07:19] [info] GREYBOXENGINE: MouseMovedEvent: 758, 261
[20:07:19] [trace] APP: MouseMovedEvent: 758, 261
[20:07:19] [info] APP: TestLayer::Update
[20:07:19] [info] GREYBOXENGINE: MouseMovedEvent: 771, 264
[20:07:19] [trace] APP: MouseMovedEvent: 771, 264
[20:07:19] [info] GREYBOXENGINE: MouseMovedEvent: 772, 264
[20:07:19] [trace] APP: MouseMovedEvent: 772, 264
[20:07:19] [info] GREYBOXENGINE: MouseMovedEvent: 772, 265
[20:07:19] [trace] APP: MouseMovedEvent: 772, 265
[20:07:19] [info] GREYBOXENGINE: MouseMovedEvent: 774, 265
[20:07:19] [trace] APP: MouseMovedEvent: 774, 265
[20:07:19] [info] APP: TestLayer::Update
[20:07:19] [info] GREYBOXENGINE: MouseMovedEvent: 786, 269
[20:07:19] [trace] APP: MouseMovedEvent: 786, 269
[20:07:19] [info] GREYBOXENGINE: MouseMovedEvent: 787, 269
[20:07:19] [trace] APP: MouseMovedEvent: 787, 269
[20:07:19] [info] GREYBOXENGINE: MouseMovedEvent: 788, 270
[20:07:19] [trace] APP: MouseMovedEvent: 788, 270
[20:07:19] [info] APP: TestLayer::Update
[20:07:19] [info] GREYBOXENGINE: MouseMovedEvent: 799, 275
[20:07:19] [trace] APP: MouseMovedEvent: 799, 275
[20:07:19] [info] GREYBOXENGINE: MouseMovedEvent: 800, 275
[20:07:19] [trace] APP: MouseMovedEvent: 800, 275
[20:07:19] [info] GREYBOXENGINE: MouseMovedEvent: 801, 276
[20:07:19] [trace] APP: MouseMovedEvent: 801, 276
[20:07:19] [info] APP: TestLayer::Update
[20:07:19] [info] GREYBOXENGINE: MouseMovedEvent: 810, 283
[20:07:19] [trace] APP: MouseMovedEvent: 810, 283
[20:07:19] [info] GREYBOXENGINE: MouseMovedEvent: 811, 283
[20:07:19] [trace] APP: MouseMovedEvent: 811, 283
[20:07:19] [info] GREYBOXENGINE: MouseMovedEvent: 812, 284
[20:07:19] [trace] APP: MouseMovedEvent: 812, 284
[20:07:19] [info] APP: TestLayer::Update
[20:07:19] [info] GREYBOXENGINE: MouseMovedEvent: 820, 292
[20:07:19] [trace] APP: MouseMovedEvent: 820, 292
[20:07:19] [info] APP: TestLayer::Update
[20:07:19] [info] GREYBOXENGINE: MouseMovedEvent: 828, 302
[20:07:19] [trace] APP: MouseMovedEvent: 828, 302
[20:07:19] [info] APP: TestLayer::Update
[20:07:19] [info] GREYBOXENGINE: MouseMovedEvent: 832, 311
[20:07:19] [trace] APP: MouseMovedEvent: 832, 311
[20:07:19] [info] APP: TestLayer::Update
[20:07:19] [info] GREYBOXENGINE: MouseMovedEvent: 832, 320
[20:07:19] [trace] APP: MouseMovedEvent: 832, 320
[20:07:19] [info] GREYBOXENGINE: MouseMovedEvent: 831, 321
[20:07:19] [trace] APP: MouseMovedEvent: 831, 321
[20:07:19] [info] APP: TestLayer::Update
[20:07:19] [info] GREYBOXENGINE: MouseMovedEvent: 827, 329
[20:07:19] [trace] APP: MouseMovedEvent: 827, 329
[20:07:19] [info] GREYBOXENGINE: MouseMovedEvent: 826, 330
[20:07:19] [trace] APP: MouseMovedEvent: 826, 330
[20:07:19] [info] APP: TestLayer::Update
[20:07:19] [info] GREYBOXENGINE: MouseMovedEvent: 818, 337
[20:07:19] [trace] APP: MouseMovedEvent: 818, 337
[20:07:19] [info] GREYBOXENGINE: MouseMovedEvent: 816, 338
[20:07:19] [trace] APP: MouseMovedEvent: 816, 338
[20:07:19] [info] GREYBOXENGINE: MouseMovedEvent: 815, 339
[20:07:19] [trace] APP: MouseMovedEvent: 815, 339
[20:07:19] [info] GREYBOXENGINE: MouseMovedEvent: 814, 339
[20:07:19] [trace] APP: MouseMovedEvent: 814, 339
[20:07:19] [info] APP: TestLayer::Update
[20:07:19] [info] GREYBOXENGINE: MouseMovedEvent: 803, 345
[20:07:19] [trace] APP: MouseMovedEvent: 803, 345
[20:07:19] [info] GREYBOXENGINE: MouseMovedEvent: 802, 345
[20:07:19] [trace] APP: MouseMovedEvent: 802, 345
[20:07:19] [info] GREYBOXENGINE: MouseMovedEvent: 801, 346
[20:07:19] [trace] APP: MouseMovedEvent: 801, 346
[20:07:19] [info] GREYBOXENGINE: MouseMovedEvent: 800, 346
[20:07:19] [trace] APP: MouseMovedEvent: 800, 346
[20:07:19] [info] GREYBOXENGINE: MouseMovedEvent: 799, 346
[20:07:19] [trace] APP: MouseMovedEvent: 799, 346
[20:07:19] [info] APP: TestLayer::Update
[20:07:19] [info] GREYBOXENGINE: MouseMovedEvent: 784, 351
[20:07:19] [trace] APP: MouseMovedEvent: 784, 351
[20:07:19] [info] GREYBOXENGINE: MouseMovedEvent: 783, 351
[20:07:19] [trace] APP: MouseMovedEvent: 783, 351
[20:07:19] [info] GREYBOXENGINE: MouseMovedEvent: 782, 351
[20:07:19] [trace] APP: MouseMovedEvent: 782, 351
[20:07:19] [info] APP: TestLayer::Update
[20:07:19] [info] GREYBOXENGINE: MouseMovedEvent: 763, 354
[20:07:19] [trace] APP: MouseMovedEvent: 763, 354
[20:07:19] [info] GREYBOXENGINE: MouseMovedEvent: 762, 354
[20:07:19] [trace] APP: MouseMovedEvent: 762, 354
[20:07:19] [info] GREYBOXENGINE: MouseMovedEvent: 760, 354
[20:07:19] [trace] APP: MouseMovedEvent: 760, 354
[20:07:19] [info] GREYBOXENGINE: MouseMovedEvent: 759, 355
[20:07:19] [trace] APP: MouseMovedEvent: 759, 355
[20:07:19] [info] GREYBOXENGINE: MouseMovedEvent: 758, 355
[20:07:19] [trace] APP: MouseMovedEvent: 758, 355
[20:07:19] [info] APP: TestLayer::Update
[20:07:19] [info] GREYBOXENGINE: MouseMovedEvent: 739, 356
[20:07:19] [trace] APP: MouseMovedEvent: 739, 356
[20:07:19] [info] GREYBOXENGINE: MouseMovedEvent: 738, 356
[20:07:19] [trace] APP: MouseMovedEvent: 738, 356
[20:07:19] [info] GREYBOXENGINE: MouseMovedEvent: 736, 356
[20:07:19] [trace] APP: MouseMovedEvent: 736, 356
[20:07:19] [info] GREYBOXENGINE: MouseMovedEvent: 735, 356
[20:07:19] [trace] APP: MouseMovedEvent: 735, 356
[20:07:19] [info] APP: TestLayer::Update
[20:07:19] [info] GREYBOXENGINE: MouseMovedEvent: 716, 353
[20:07:19] [trace] APP: MouseMovedEvent: 716, 353
[20:07:19] [info] GREYBOXENGINE: MouseMovedEvent: 715, 353
[20:07:19] [trace] APP: MouseMovedEvent: 715, 353
[20:07:19] [info] APP: TestLayer::Update
[20:07:19] [info] GREYBOXENGINE: MouseMovedEvent: 698, 347
[20:07:19] [trace] APP: MouseMovedEvent: 698, 347
[20:07:19] [info] GREYBOXENGINE: MouseMovedEvent: 697, 347
[20:07:19] [trace] APP: MouseMovedEvent: 697, 347
[20:07:19] [info] GREYBOXENGINE: MouseMovedEvent: 696, 346
[20:07:19] [trace] APP: MouseMovedEvent: 696, 346
[20:07:19] [info] GREYBOXENGINE: MouseMovedEvent: 695, 346
[20:07:19] [trace] APP: MouseMovedEvent: 695, 346
[20:07:19] [info] GREYBOXENGINE: MouseMovedEvent: 694, 346
[20:07:19] [trace] APP: MouseMovedEvent: 694, 346
[20:07:19] [info] APP: TestLayer::Update
[20:07:19] [info] GREYBOXENGINE: MouseMovedEvent: 685, 339
[20:07:19] [trace] APP: MouseMovedEvent: 685, 339
[20:07:19] [info] APP: TestLayer::Update
[20:07:19] [info] GREYBOXENGINE: MouseMovedEvent: 678, 329
[20:07:19] [trace] APP: MouseMovedEvent: 678, 329
[20:07:19] [info] GREYBOXENGINE: MouseMovedEvent: 678, 328
[20:07:19] [trace] APP: MouseMovedEvent: 678, 328
[20:07:19] [info] GREYBOXENGINE: MouseMovedEvent: 677, 328
[20:07:19] [trace] APP: MouseMovedEvent: 677, 328
[20:07:20] [info] APP: TestLayer::Update
[20:07:20] [info] GREYBOXENGINE: MouseMovedEvent: 675, 318
[20:07:20] [trace] APP: MouseMovedEvent: 675, 318
[20:07:20] [info] GREYBOXENGINE: MouseMovedEvent: 674, 317
[20:07:20] [trace] APP: MouseMovedEvent: 674, 317
[20:07:20] [info] APP: TestLayer::Update
[20:07:20] [info] GREYBOXENGINE: MouseMovedEvent: 674, 307
[20:07:20] [trace] APP: MouseMovedEvent: 674, 307
[20:07:20] [info] GREYBOXENGINE: MouseMovedEvent: 674, 306
[20:07:20] [trace] APP: MouseMovedEvent: 674, 306
[20:07:20] [info] APP: TestLayer::Update
[20:07:20] [info] GREYBOXENGINE: MouseMovedEvent: 676, 297
[20:07:20] [trace] APP: MouseMovedEvent: 676, 297
[20:07:20] [info] APP: TestLayer::Update
[20:07:20] [info] GREYBOXENGINE: MouseMovedEvent: 681, 289
[20:07:20] [trace] APP: MouseMovedEvent: 681, 289
[20:07:20] [info] GREYBOXENGINE: MouseMovedEvent: 682, 289
[20:07:20] [trace] APP: MouseMovedEvent: 682, 289
[20:07:20] [info] GREYBOXENGINE: MouseMovedEvent: 682, 288
[20:07:20] [trace] APP: MouseMovedEvent: 682, 288
[20:07:20] [info] GREYBOXENGINE: MouseMovedEvent: 683, 288
[20:07:20] [trace] APP: MouseMovedEvent: 683, 288
[20:07:20] [info] APP: TestLayer::Update
[20:07:20] [info] GREYBOXENGINE: MouseMovedEvent: 687, 283
[20:07:20] [trace] APP: MouseMovedEvent: 687, 283
[20:07:20] [info] GREYBOXENGINE: MouseMovedEvent: 688, 283
[20:07:20] [trace] APP: MouseMovedEvent: 688, 283
[20:07:20] [info] GREYBOXENGINE: MouseMovedEvent: 688, 282
[20:07:20] [trace] APP: MouseMovedEvent: 688, 282
[20:07:20] [info] APP: TestLayer::Update
[20:07:20] [info] GREYBOXENGINE: MouseMovedEvent: 696, 277
[20:07:20] [trace] APP: MouseMovedEvent: 696, 277
[20:07:20] [info] APP: TestLayer::Update
[20:07:20] [info] GREYBOXENGINE: MouseMovedEvent: 705, 273
[20:07:20] [trace] APP: MouseMovedEvent: 705, 273
[20:07:20] [info] APP: TestLayer::Update
[20:07:20] [info] GREYBOXENGINE: MouseMovedEvent: 718, 271
[20:07:20] [trace] APP: MouseMovedEvent: 718, 271
[20:07:20] [info] GREYBOXENGINE: MouseMovedEvent: 719, 271
[20:07:20] [trace] APP: MouseMovedEvent: 719, 271
[20:07:20] [info] GREYBOXENGINE: MouseMovedEvent: 720, 271
[20:07:20] [trace] APP: MouseMovedEvent: 720, 271
[20:07:20] [info] GREYBOXENGINE: MouseMovedEvent: 721, 271
[20:07:20] [trace] APP: MouseMovedEvent: 721, 271
[20:07:20] [info] APP: TestLayer::Update
[20:07:20] [info] GREYBOXENGINE: MouseMovedEvent: 732, 270
[20:07:20] [trace] APP: MouseMovedEvent: 732, 270
[20:07:20] [info] GREYBOXENGINE: MouseMovedEvent: 733, 270
[20:07:20] [trace] APP: MouseMovedEvent: 733, 270
[20:07:20] [info] APP: TestLayer::Update
[20:07:20] [info] GREYBOXENGINE: MouseMovedEvent: 746, 271
[20:07:20] [trace] APP: MouseMovedEvent: 746, 271
[20:07:20] [info] GREYBOXENGINE: MouseMovedEvent: 747, 271
[20:07:20] [trace] APP: MouseMovedEvent: 747, 271
[20:07:20] [info] APP: TestLayer::Update
[20:07:20] [info] GREYBOXENGINE: MouseMovedEvent: 761, 275
[20:07:20] [trace] APP: MouseMovedEvent: 761, 275
[20:07:20] [info] GREYBOXENGINE: MouseMovedEvent: 762, 275
[20:07:20] [trace] APP: MouseMovedEvent: 762, 275
[20:07:20] [info] GREYBOXENGINE: MouseMovedEvent: 763, 276
[20:07:20] [trace] APP: MouseMovedEvent: 763, 276
[20:07:20] [info] APP: TestLayer::Update
[20:07:20] [info] GREYBOXENGINE: MouseMovedEvent: 775, 281
[20:07:20] [trace] APP: MouseMovedEvent: 775, 281
[20:07:20] [info] GREYBOXENGINE: MouseMovedEvent: 777, 282
[20:07:20] [trace] APP: MouseMovedEvent: 777, 282
[20:07:20] [info] APP: TestLayer::Update
[20:07:20] [info] GREYBOXENGINE: MouseMovedEvent: 789, 289
[20:07:20] [trace] APP: MouseMovedEvent: 789, 289
[20:07:20] [info] APP: TestLayer::Update
[20:07:20] [info] GREYBOXENGINE: MouseMovedEvent: 800, 299
[20:07:20] [trace] APP: MouseMovedEvent: 800, 299
[20:07:20] [info] GREYBOXENGINE: MouseMovedEvent: 800, 300
[20:07:20] [trace] APP: MouseMovedEvent: 800, 300
[20:07:20] [info] GREYBOXENGINE: MouseMovedEvent: 801, 300
[20:07:20] [trace] APP: MouseMovedEvent: 801, 300
[20:07:20] [info] GREYBOXENGINE: MouseMovedEvent: 801, 301
[20:07:20] [trace] APP: MouseMovedEvent: 801, 301
[20:07:20] [info] GREYBOXENGINE: MouseMovedEvent: 802, 302
[20:07:20] [trace] APP: MouseMovedEvent: 802, 302
[20:07:20] [info] APP: TestLayer::Update
[20:07:20] [info] GREYBOXENGINE: MouseMovedEvent: 807, 312
[20:07:20] [trace] APP: MouseMovedEvent: 807, 312
[20:07:20] [info] APP: TestLayer::Update
[20:07:20] [info] GREYBOXENGINE: MouseMovedEvent: 810, 324
[20:07:20] [trace] APP: MouseMovedEvent: 810, 324
[20:07:20] [info] GREYBOXENGINE: MouseMovedEvent: 810, 325
[20:07:20] [trace] APP: MouseMovedEvent: 810, 325
[20:07:20] [info] GREYBOXENGINE: MouseMovedEvent: 811, 326
[20:07:20] [trace] APP: MouseMovedEvent: 811, 326
[20:07:20] [info] APP: TestLayer::Update
[20:07:20] [info] GREYBOXENGINE: MouseMovedEvent: 810, 335
[20:07:20] [trace] APP: MouseMovedEvent: 810, 335
[20:07:20] [info] GREYBOXENGINE: MouseMovedEvent: 809, 336
[20:07:20] [trace] APP: MouseMovedEvent: 809, 336
[20:07:20] [info] GREYBOXENGINE: MouseMovedEvent: 809, 337
[20:07:20] [trace] APP: MouseMovedEvent: 809, 337
[20:07:20] [info] APP: TestLayer::Update
[20:07:20] [info] GREYBOXENGINE: MouseMovedEvent: 805, 344
[20:07:20] [trace] APP: MouseMovedEvent: 805, 344
[20:07:20] [info] GREYBOXENGINE: MouseMovedEvent: 805, 345
[20:07:20] [trace] APP: MouseMovedEvent: 805, 345
[20:07:20] [info] GREYBOXENGINE: MouseMovedEvent: 804, 345
[20:07:20] [trace] APP: MouseMovedEvent: 804, 345
[20:07:20] [info] GREYBOXENGINE: MouseMovedEvent: 804, 346
[20:07:20] [trace] APP: MouseMovedEvent: 804, 346
[20:07:20] [info] APP: TestLayer::Update
[20:07:20] [info] GREYBOXENGINE: MouseMovedEvent: 796, 353
[20:07:20] [trace] APP: MouseMovedEvent: 796, 353
[20:07:20] [info] APP: TestLayer::Update
[20:07:20] [info] GREYBOXENGINE: MouseMovedEvent: 784, 360
[20:07:20] [trace] APP: MouseMovedEvent: 784, 360
[20:07:20] [info] GREYBOXENGINE: MouseMovedEvent: 783, 360
[20:07:20] [trace] APP: MouseMovedEvent: 783, 360
[20:07:20] [info] GREYBOXENGINE: MouseMovedEvent: 782, 361
[20:07:20] [trace] APP: MouseMovedEvent: 782, 361
[20:07:20] [info] APP: TestLayer::Update
[20:07:20] [info] GREYBOXENGINE: MouseMovedEvent: 766, 366
[20:07:20] [trace] APP: MouseMovedEvent: 766, 366
[20:07:20] [info] GREYBOXENGINE: MouseMovedEvent: 765, 367
[20:07:20] [trace] APP: MouseMovedEvent: 765, 367
[20:07:20] [info] GREYBOXENGINE: MouseMovedEvent: 764, 367
[20:07:20] [trace] APP: MouseMovedEvent: 764, 367
[20:07:20] [info] APP: TestLayer::Update
[20:07:20] [info] GREYBOXENGINE: MouseMovedEvent: 746, 370
[20:07:20] [trace] APP: MouseMovedEvent: 746, 370
[20:07:20] [info] APP: TestLayer::Update
[20:07:20] [info] GREYBOXENGINE: MouseMovedEvent: 728, 370
[20:07:20] [trace] APP: MouseMovedEvent: 728, 370
[20:07:20] [info] GREYBOXENGINE: MouseMovedEvent: 727, 370
[20:07:20] [trace] APP: MouseMovedEvent: 727, 370
[20:07:20] [info] GREYBOXENGINE: MouseMovedEvent: 726, 370
[20:07:20] [trace] APP: MouseMovedEvent: 726, 370
[20:07:20] [info] GREYBOXENGINE: MouseMovedEvent: 725, 370
[20:07:20] [trace] APP: MouseMovedEvent: 725, 370
[20:07:20] [info] APP: TestLayer::Update
[20:07:20] [info] GREYBOXENGINE: MouseMovedEvent: 711, 366
[20:07:20] [trace] APP: MouseMovedEvent: 711, 366
[20:07:20] [info] GREYBOXENGINE: MouseMovedEvent: 710, 366
[20:07:20] [trace] APP: MouseMovedEvent: 710, 366
[20:07:20] [info] GREYBOXENGINE: MouseMovedEvent: 710, 365
[20:07:20] [trace] APP: MouseMovedEvent: 710, 365
[20:07:20] [info] APP: TestLayer::Update
[20:07:20] [info] GREYBOXENGINE: MouseMovedEvent: 699, 358
[20:07:20] [trace] APP: MouseMovedEvent: 699, 358
[20:07:20] [info] APP: TestLayer::Update
[20:07:20] [info] GREYBOXENGINE: MouseMovedEvent: 692, 348
[20:07:20] [trace] APP: MouseMovedEvent: 692, 348
[20:07:20] [info] GREYBOXENGINE: MouseMovedEvent: 691, 347
[20:07:20] [trace] APP: MouseMovedEvent: 691, 347
[20:07:20] [info] GREYBOXENGINE: MouseMovedEvent: 691, 346
[20:07:20] [trace] APP: MouseMovedEvent: 691, 346
[20:07:20] [info] GREYBOXENGINE: MouseMovedEvent: 691, 345
[20:07:20] [trace] APP: MouseMovedEvent: 691, 345
[20:07:20] [info] APP: TestLayer::Update
[20:07:20] [info] GREYBOXENGINE: MouseMovedEvent: 688, 335
[20:07:20] [trace] APP: MouseMovedEvent: 688, 335
[20:07:20] [info] GREYBOXENGINE: MouseMovedEvent: 687, 334
[20:07:20] [trace] APP: MouseMovedEvent: 687, 334
[20:07:20] [info] GREYBOXENGINE: MouseMovedEvent: 687, 333
[20:07:20] [trace] APP: MouseMovedEvent: 687, 333
[20:07:20] [info] APP: TestLayer::Update
[20:07:20] [info] GREYBOXENGINE: MouseMovedEvent: 687, 321
[20:07:20] [trace] APP: MouseMovedEvent: 687, 321
[20:07:20] [info] GREYBOXENGINE: MouseMovedEvent: 687, 320
[20:07:20] [trace] APP: MouseMovedEvent: 687, 320
[20:07:20] [info] APP: TestLayer::Update
[20:07:20] [info] GREYBOXENGINE: MouseMovedEvent: 690, 308
[20:07:20] [trace] APP: MouseMovedEvent: 690, 308
[20:07:20] [info] GREYBOXENGINE: MouseMovedEvent: 691, 307
[20:07:20] [trace] APP: MouseMovedEvent: 691, 307
[20:07:20] [info] GREYBOXENGINE: MouseMovedEvent: 691, 306
[20:07:20] [trace] APP: MouseMovedEvent: 691, 306
[20:07:20] [info] APP: TestLayer::Update
[20:07:20] [info] GREYBOXENGINE: MouseMovedEvent: 697, 296
[20:07:20] [trace] APP: MouseMovedEvent: 697, 296
[20:07:20] [info] GREYBOXENGINE: MouseMovedEvent: 697, 295
[20:07:20] [trace] APP: MouseMovedEvent: 697, 295
[20:07:20] [info] GREYBOXENGINE: MouseMovedEvent: 698, 294
[20:07:20] [trace] APP: MouseMovedEvent: 698, 294
[20:07:20] [info] APP: TestLayer::Update
[20:07:20] [info] GREYBOXENGINE: MouseMovedEvent: 705, 286
[20:07:20] [trace] APP: MouseMovedEvent: 705, 286
[20:07:20] [info] APP: TestLayer::Update
[20:07:20] [info] GREYBOXENGINE: MouseMovedEvent: 716, 281
[20:07:20] [trace] APP: MouseMovedEvent: 716, 281
[20:07:20] [info] GREYBOXENGINE: MouseMovedEvent: 717, 280
[20:07:20] [trace] APP: MouseMovedEvent: 717, 280
[20:07:20] [info] GREYBOXENGINE: MouseMovedEvent: 718, 280
[20:07:20] [trace] APP: MouseMovedEvent: 718, 280
[20:07:20] [info] APP: TestLayer::Update
[20:07:20] [info] GREYBOXENGINE: MouseMovedEvent: 731, 277
[20:07:20] [trace] APP: MouseMovedEvent: 731, 277
[20:07:20] [info] GREYBOXENGINE: MouseMovedEvent: 732, 277
[20:07:20] [trace] APP: MouseMovedEvent: 732, 277
[20:07:20] [info] GREYBOXENGINE: MouseMovedEvent: 733, 277
[20:07:20] [trace] APP: MouseMovedEvent: 733, 277
[20:07:20] [info] APP: TestLayer::Update
[20:07:20] [info] GREYBOXENGINE: MouseMovedEvent: 748, 276
[20:07:20] [trace] APP: MouseMovedEvent: 748, 276
[20:07:20] [info] APP: TestLayer::Update
[20:07:20] [info] GREYBOXENGINE: MouseMovedEvent: 766, 277
[20:07:20] [trace] APP: MouseMovedEvent: 766, 277
[20:07:20] [info] GREYBOXENGINE: MouseMovedEvent: 767, 277
[20:07:20] [trace] APP: MouseMovedEvent: 767, 277
[20:07:20] [info] GREYBOXENGINE: MouseMovedEvent: 768, 278
[20:07:20] [trace] APP: MouseMovedEvent: 768, 278
[20:07:20] [info] APP: TestLayer::Update
[20:07:20] [info] GREYBOXENGINE: MouseMovedEvent: 785, 283
[20:07:20] [trace] APP: MouseMovedEvent: 785, 283
[20:07:20] [info] GREYBOXENGINE: MouseMovedEvent: 786, 283
[20:07:20] [trace] APP: MouseMovedEvent: 786, 283
[20:07:20] [info] APP: TestLayer::Update
[20:07:20] [info] GREYBOXENGINE: MouseMovedEvent: 802, 290
[20:07:20] [trace] APP: MouseMovedEvent: 802, 290
[20:07:20] [info] APP: TestLayer::Update
[20:07:20] [info] GREYBOXENGINE: MouseMovedEvent: 814, 296
[20:07:20] [trace] APP: MouseMovedEvent: 814, 296
[20:07:20] [info] GREYBOXENGINE: MouseMovedEvent: 815, 296
[20:07:20] [trace] APP: MouseMovedEvent: 815, 296
[20:07:20] [info] GREYBOXENGINE: MouseMovedEvent: 817, 297
[20:07:20] [trace] APP: MouseMovedEvent: 817, 297
[20:07:20] [info] APP: TestLayer::Update
[20:07:20] [info] GREYBOXENGINE: MouseMovedEvent: 825, 303
[20:07:20] [trace] APP: MouseMovedEvent: 825, 303
[20:07:20] [info] GREYBOXENGINE: MouseMovedEvent: 826, 304
[20:07:20] [trace] APP: MouseMovedEvent: 826, 304
[20:07:20] [info] GREYBOXENGINE: MouseMovedEvent: 826, 305
[20:07:20] [trace] APP: MouseMovedEvent: 826, 305
[20:07:20] [info] APP: TestLayer::Update
[20:07:20] [info] GREYBOXENGINE: MouseMovedEvent: 830, 310
[20:07:20] [trace] APP: MouseMovedEvent: 830, 310
[20:07:20] [info] GREYBOXENGINE: MouseMovedEvent: 831, 311
[20:07:20] [trace] APP: MouseMovedEvent: 831, 311
[20:07:20] [info] APP: TestLayer::Update
[20:07:20] [info] GREYBOXENGINE: MouseMovedEvent: 834, 317
[20:07:20] [trace] APP: MouseMovedEvent: 834, 317
[20:07:20] [info] GREYBOXENGINE: MouseMovedEvent: 834, 318
[20:07:20] [trace] APP: MouseMovedEvent: 834, 318
[20:07:20] [info] APP: TestLayer::Update
[20:07:20] [info] GREYBOXENGINE: MouseMovedEvent: 835, 325
[20:07:20] [trace] APP: MouseMovedEvent: 835, 325
[20:07:20] [info] GREYBOXENGINE: MouseMovedEvent: 835, 326
[20:07:20] [trace] APP: MouseMovedEvent: 835, 326
[20:07:20] [info] APP: TestLayer::Update
[20:07:20] [info] GREYBOXENGINE: MouseMovedEvent: 835, 334
[20:07:20] [trace] APP: MouseMovedEvent: 835, 334
[20:07:20] [info] GREYBOXENGINE: MouseMovedEvent: 835, 335
[20:07:20] [trace] APP: MouseMovedEvent: 835, 335
[20:07:20] [info] APP: TestLayer::Update
[20:07:20] [info] GREYBOXENGINE: MouseMovedEvent: 831, 344
[20:07:20] [trace] APP: MouseMovedEvent: 831, 344
[20:07:20] [info] APP: TestLayer::Update
[20:07:20] [info] GREYBOXENGINE: MouseMovedEvent: 825, 353
[20:07:20] [trace] APP: MouseMovedEvent: 825, 353
[20:07:20] [info] GREYBOXENGINE: MouseMovedEvent: 825, 354
[20:07:20] [trace] APP: MouseMovedEvent: 825, 354
[20:07:20] [info] GREYBOXENGINE: MouseMovedEvent: 824, 354
[20:07:20] [trace] APP: MouseMovedEvent: 824, 354
[20:07:20] [info] APP: TestLayer::Update
[20:07:20] [info] GREYBOXENGINE: MouseMovedEvent: 816, 360
[20:07:20] [trace] APP: MouseMovedEvent: 816, 360
[20:07:20] [info] APP: TestLayer::Update
[20:07:20] [info] GREYBOXENGINE: MouseMovedEvent: 804, 367
[20:07:20] [trace] APP: MouseMovedEvent: 804, 367
[20:07:20] [info] GREYBOXENGINE: MouseMovedEvent: 803, 367
[20:07:20] [trace] APP: MouseMovedEvent: 803, 367
[20:07:20] [info] GREYBOXENGINE: MouseMovedEvent: 802, 367
[20:07:20] [trace] APP: MouseMovedEvent: 802, 367
[20:07:20] [info] APP: TestLayer::Update
[20:07:20] [info] GREYBOXENGINE: MouseMovedEvent: 787, 371
[20:07:20] [trace] APP: MouseMovedEvent: 787, 371
[20:07:20] [info] GREYBOXENGINE: MouseMovedEvent: 786, 372
[20:07:20] [trace] APP: MouseMovedEvent: 786, 372
[20:07:20] [info] GREYBOXENGINE: MouseMovedEvent: 785, 372
[20:07:20] [trace] APP: MouseMovedEvent: 785, 372
[20:07:20] [info] APP: TestLayer::Update
[20:07:20] [info] GREYBOXENGINE: MouseMovedEvent: 767, 373
[20:07:20] [trace] APP: MouseMovedEvent: 767, 373
[20:07:20] [info] APP: TestLayer::Update
[20:07:20] [info] GREYBOXENGINE: MouseMovedEvent: 748, 372
[20:07:20] [trace] APP: MouseMovedEvent: 748, 372
[20:07:20] [info] GREYBOXENGINE: MouseMovedEvent: 747, 371
[20:07:20] [trace] APP: MouseMovedEvent: 747, 371
[20:07:20] [info] GREYBOXENGINE: MouseMovedEvent: 746, 371
[20:07:20] [trace] APP: MouseMovedEvent: 746, 371
[20:07:20] [info] GREYBOXENGINE: MouseMovedEvent: 745, 371
[20:07:20] [trace] APP: MouseMovedEvent: 745, 371
[20:07:20] [info] APP: TestLayer::Update
[20:07:20] [info] GREYBOXENGINE: MouseMovedEvent: 730, 365
[20:07:20] [trace] APP: MouseMovedEvent: 730, 365
[20:07:20] [info] GREYBOXENGINE: MouseMovedEvent: 729, 365
[20:07:20] [trace] APP: MouseMovedEvent: 729, 365
[20:07:20] [info] GREYBOXENGINE: MouseMovedEvent: 728, 364
[20:07:20] [trace] APP: MouseMovedEvent: 728, 364
[20:07:20] [info] APP: TestLayer::Update
[20:07:20] [info] GREYBOXENGINE: MouseMovedEvent: 717, 355
[20:07:20] [trace] APP: MouseMovedEvent: 717, 355
[20:07:20] [info] APP: TestLayer::Update
[20:07:20] [info] GREYBOXENGINE: MouseMovedEvent: 710, 344
[20:07:20] [trace] APP: MouseMovedEvent: 710, 344
[20:07:20] [info] GREYBOXENGINE: MouseMovedEvent: 710, 343
[20:07:20] [trace] APP: MouseMovedEvent: 710, 343
[20:07:20] [info] GREYBOXENGINE: MouseMovedEvent: 709, 342
[20:07:20] [trace] APP: MouseMovedEvent: 709, 342
[20:07:20] [info] GREYBOXENGINE: MouseMovedEvent: 709, 341
[20:07:20] [trace] APP: MouseMovedEvent: 709, 341
[20:07:20] [info] APP: TestLayer::Update
[20:07:20] [info] GREYBOXENGINE: MouseMovedEvent: 706, 329
[20:07:20] [trace] APP: MouseMovedEvent: 706, 329
[20:07:20] [info] GREYBOXENGINE: MouseMovedEvent: 706, 328
[20:07:20] [trace] APP: MouseMovedEvent: 706, 328
[20:07:20] [info] APP: TestLayer::Update
[20:07:20] [info] GREYBOXENGINE: MouseMovedEvent: 706, 315
[20:07:20] [trace] APP: MouseMovedEvent: 706, 315
[20:07:20] [info] APP: TestLayer::Update
[20:07:20] [info] GREYBOXENGINE: MouseMovedEvent: 710, 302
[20:07:20] [trace] APP: MouseMovedEvent: 710, 302
[20:07:20] [info] APP: TestLayer::Update
[20:07:20] [info] GREYBOXENGINE: MouseMovedEvent: 717, 291
[20:07:20] [trace] APP: MouseMovedEvent: 717, 291
[20:07:20] [info] APP: TestLayer::Update
[20:07:20] [info] GREYBOXENGINE: MouseMovedEvent: 727, 283
[20:07:20] [trace] APP: MouseMovedEvent: 727, 283
[20:07:20] [info] APP: TestLayer::Update
[20:07:20] [info] GREYBOXENGINE: MouseMovedEvent: 737, 277
[20:07:20] [trace] APP: MouseMovedEvent: 737, 277
[20:07:20] [info] GREYBOXENGINE: MouseMovedEvent: 738, 277
[20:07:20] [trace] APP: MouseMovedEvent: 738, 277
[20:07:20] [info] GREYBOXENGINE: MouseMovedEvent: 739, 277
[20:07:20] [trace] APP: MouseMovedEvent: 739, 277
[20:07:20] [info] GREYBOXENGINE: MouseMovedEvent: 739, 276
[20:07:20] [trace] APP: MouseMovedEvent: 739, 276
[20:07:20] [info] GREYBOXENGINE: MouseMovedEvent: 740, 276
[20:07:20] [trace] APP: MouseMovedEvent: 740, 276
[20:07:20] [info] GREYBOXENGINE: MouseMovedEvent: 741, 276
[20:07:20] [trace] APP: MouseMovedEvent: 741, 276
[20:07:20] [info] APP: TestLayer::Update
[20:07:20] [info] GREYBOXENGINE: MouseMovedEvent: 751, 273
[20:07:20] [trace] APP: MouseMovedEvent: 751, 273
[20:07:20] [info] GREYBOXENGINE: MouseMovedEvent: 752, 273
[20:07:20] [trace] APP: MouseMovedEvent: 752, 273
[20:07:20] [info] GREYBOXENGINE: MouseMovedEvent: 753, 273
[20:07:20] [trace] APP: MouseMovedEvent: 753, 273
[20:07:20] [info] GREYBOXENGINE: MouseMovedEvent: 755, 273
[20:07:20] [trace] APP: MouseMovedEvent: 755, 273
[20:07:20] [info] GREYBOXENGINE: MouseMovedEvent: 756, 273
[20:07:21] [trace] APP: MouseMovedEvent: 756, 273
[20:07:21] [info] APP: TestLayer::Update
[20:07:21] [info] GREYBOXENGINE: MouseMovedEvent: 768, 272
[20:07:21] [trace] APP: MouseMovedEvent: 768, 272
[20:07:21] [info] GREYBOXENGINE: MouseMovedEvent: 770, 272
[20:07:21] [trace] APP: MouseMovedEvent: 770, 272
[20:07:21] [info] GREYBOXENGINE: MouseMovedEvent: 771, 272
[20:07:21] [trace] APP: MouseMovedEvent: 771, 272
[20:07:21] [info] GREYBOXENGINE: MouseMovedEvent: 772, 272
[20:07:21] [trace] APP: MouseMovedEvent: 772, 272
[20:07:21] [info] APP: TestLayer::Update
[20:07:21] [info] GREYBOXENGINE: MouseMovedEvent: 784, 272
[20:07:21] [trace] APP: MouseMovedEvent: 784, 272
[20:07:21] [info] GREYBOXENGINE: MouseMovedEvent: 786, 273
[20:07:21] [trace] APP: MouseMovedEvent: 786, 273
[20:07:21] [info] APP: TestLayer::Update
[20:07:21] [info] GREYBOXENGINE: MouseMovedEvent: 801, 277
[20:07:21] [trace] APP: MouseMovedEvent: 801, 277
[20:07:21] [info] GREYBOXENGINE: MouseMovedEvent: 803, 278
[20:07:21] [trace] APP: MouseMovedEvent: 803, 278
[20:07:21] [info] APP: TestLayer::Update
[20:07:21] [info] GREYBOXENGINE: MouseMovedEvent: 817, 285
[20:07:21] [trace] APP: MouseMovedEvent: 817, 285
[20:07:21] [info] APP: TestLayer::Update
[20:07:21] [info] GREYBOXENGINE: MouseMovedEvent: 829, 293
[20:07:21] [trace] APP: MouseMovedEvent: 829, 293
[20:07:21] [info] GREYBOXENGINE: MouseMovedEvent: 830, 293
[20:07:21] [trace] APP: MouseMovedEvent: 830, 293
[20:07:21] [info] GREYBOXENGINE: MouseMovedEvent: 831, 294
[20:07:21] [trace] APP: MouseMovedEvent: 831, 294
[20:07:21] [info] GREYBOXENGINE: MouseMovedEvent: 831, 295
[20:07:21] [trace] APP: MouseMovedEvent: 831, 295
[20:07:21] [info] APP: TestLayer::Update
[20:07:21] [info] GREYBOXENGINE: MouseMovedEvent: 839, 303
[20:07:21] [trace] APP: MouseMovedEvent: 839, 303
[20:07:21] [info] APP: TestLayer::Update
[20:07:21] [info] GREYBOXENGINE: MouseMovedEvent: 845, 314
[20:07:21] [trace] APP: MouseMovedEvent: 845, 314
[20:07:21] [info] APP: TestLayer::Update
[20:07:21] [info] GREYBOXENGINE: MouseMovedEvent: 846, 325
[20:07:21] [trace] APP: MouseMovedEvent: 846, 325
[20:07:21] [info] APP: TestLayer::Update
[20:07:21] [info] GREYBOXENGINE: MouseMovedEvent: 844, 337
[20:07:21] [trace] APP: MouseMovedEvent: 844, 337
[20:07:21] [info] GREYBOXENGINE: MouseMovedEvent: 843, 338
[20:07:21] [trace] APP: MouseMovedEvent: 843, 338
[20:07:21] [info] APP: TestLayer::Update
[20:07:21] [info] GREYBOXENGINE: MouseMovedEvent: 837, 348
[20:07:21] [trace] APP: MouseMovedEvent: 837, 348
[20:07:21] [info] APP: TestLayer::Update
[20:07:21] [info] GREYBOXENGINE: MouseMovedEvent: 828, 356
[20:07:21] [trace] APP: MouseMovedEvent: 828, 356
[20:07:21] [info] GREYBOXENGINE: MouseMovedEvent: 827, 357
[20:07:21] [trace] APP: MouseMovedEvent: 827, 357
[20:07:21] [info] GREYBOXENGINE: MouseMovedEvent: 826, 357
[20:07:21] [trace] APP: MouseMovedEvent: 826, 357
[20:07:21] [info] APP: TestLayer::Update
[20:07:21] [info] GREYBOXENGINE: MouseMovedEvent: 812, 364
[20:07:21] [trace] APP: MouseMovedEvent: 812, 364
[20:07:21] [info] GREYBOXENGINE: MouseMovedEvent: 811, 364
[20:07:21] [trace] APP: MouseMovedEvent: 811, 364
[20:07:21] [info] APP: TestLayer::Update
[20:07:21] [info] GREYBOXENGINE: MouseMovedEvent: 793, 369
[20:07:21] [trace] APP: MouseMovedEvent: 793, 369
[20:07:21] [info] APP: TestLayer::Update
[20:07:21] [info] GREYBOXENGINE: MouseMovedEvent: 773, 372
[20:07:21] [trace] APP: MouseMovedEvent: 773, 372
[20:07:21] [info] GREYBOXENGINE: MouseMovedEvent: 772, 372
[20:07:21] [trace] APP: MouseMovedEvent: 772, 372
[20:07:21] [info] GREYBOXENGINE: MouseMovedEvent: 771, 372
[20:07:21] [trace] APP: MouseMovedEvent: 771, 372
[20:07:21] [info] APP: TestLayer::Update
[20:07:21] [info] GREYBOXENGINE: MouseMovedEvent: 751, 371
[20:07:21] [trace] APP: MouseMovedEvent: 751, 371
[20:07:21] [info] GREYBOXENGINE: MouseMovedEvent: 750, 371
[20:07:21] [trace] APP: MouseMovedEvent: 750, 371
[20:07:21] [info] APP: TestLayer::Update
[20:07:21] [info] GREYBOXENGINE: MouseMovedEvent: 733, 366
[20:07:21] [trace] APP: MouseMovedEvent: 733, 366
[20:07:21] [info] APP: TestLayer::Update
[20:07:21] [info] GREYBOXENGINE: MouseMovedEvent: 719, 357
[20:07:21] [trace] APP: MouseMovedEvent: 719, 357
[20:07:21] [info] GREYBOXENGINE: MouseMovedEvent: 719, 356
[20:07:21] [trace] APP: MouseMovedEvent: 719, 356
[20:07:21] [info] GREYBOXENGINE: MouseMovedEvent: 718, 356
[20:07:21] [trace] APP: MouseMovedEvent: 718, 356
[20:07:21] [info] GREYBOXENGINE: MouseMovedEvent: 717, 355
[20:07:21] [trace] APP: MouseMovedEvent: 717, 355
[20:07:21] [info] APP: TestLayer::Update
[20:07:21] [info] GREYBOXENGINE: MouseMovedEvent: 710, 344
[20:07:21] [trace] APP: MouseMovedEvent: 710, 344
[20:07:21] [info] GREYBOXENGINE: MouseMovedEvent: 709, 343
[20:07:21] [trace] APP: MouseMovedEvent: 709, 343
[20:07:21] [info] APP: TestLayer::Update
[20:07:21] [info] GREYBOXENGINE: MouseMovedEvent: 705, 329
[20:07:21] [trace] APP: MouseMovedEvent: 705, 329
[20:07:21] [info] GREYBOXENGINE: MouseMovedEvent: 705, 328
[20:07:21] [trace] APP: MouseMovedEvent: 705, 328
[20:07:21] [info] APP: TestLayer::Update
[20:07:21] [info] GREYBOXENGINE: MouseMovedEvent: 704, 315
[20:07:21] [trace] APP: MouseMovedEvent: 704, 315
[20:07:21] [info] GREYBOXENGINE: MouseMovedEvent: 704, 314
[20:07:21] [trace] APP: MouseMovedEvent: 704, 314
[20:07:21] [info] GREYBOXENGINE: MouseMovedEvent: 704, 313
[20:07:21] [trace] APP: MouseMovedEvent: 704, 313
[20:07:21] [info] APP: TestLayer::Update
[20:07:21] [info] GREYBOXENGINE: MouseMovedEvent: 705, 303
[20:07:21] [trace] APP: MouseMovedEvent: 705, 303
[20:07:21] [info] GREYBOXENGINE: MouseMovedEvent: 705, 302
[20:07:21] [trace] APP: MouseMovedEvent: 705, 302
[20:07:21] [info] GREYBOXENGINE: MouseMovedEvent: 705, 301
[20:07:21] [trace] APP: MouseMovedEvent: 705, 301
[20:07:21] [info] GREYBOXENGINE: MouseMovedEvent: 706, 301
[20:07:21] [trace] APP: MouseMovedEvent: 706, 301
[20:07:21] [info] GREYBOXENGINE: MouseMovedEvent: 706, 300
[20:07:21] [trace] APP: MouseMovedEvent: 706, 300
[20:07:21] [info] GREYBOXENGINE: MouseMovedEvent: 706, 299
[20:07:21] [trace] APP: MouseMovedEvent: 706, 299
[20:07:21] [info] APP: TestLayer::Update
[20:07:21] [info] GREYBOXENGINE: MouseMovedEvent: 710, 291
[20:07:21] [trace] APP: MouseMovedEvent: 710, 291
[20:07:21] [info] GREYBOXENGINE: MouseMovedEvent: 711, 290
[20:07:21] [trace] APP: MouseMovedEvent: 711, 290
[20:07:21] [info] GREYBOXENGINE: MouseMovedEvent: 711, 289
[20:07:21] [trace] APP: MouseMovedEvent: 711, 289
[20:07:21] [info] APP: TestLayer::Update
[20:07:21] [info] GREYBOXENGINE: MouseMovedEvent: 716, 283
[20:07:21] [trace] APP: MouseMovedEvent: 716, 283
[20:07:21] [info] APP: TestLayer::Update
[20:07:21] [info] GREYBOXENGINE: MouseMovedEvent: 725, 277
[20:07:21] [trace] APP: MouseMovedEvent: 725, 277
[20:07:21] [info] APP: TestLayer::Update
[20:07:21] [info] GREYBOXENGINE: MouseMovedEvent: 737, 272
[20:07:21] [trace] APP: MouseMovedEvent: 737, 272
[20:07:21] [info] APP: TestLayer::Update
[20:07:21] [info] GREYBOXENGINE: MouseMovedEvent: 752, 269
[20:07:21] [trace] APP: MouseMovedEvent: 752, 269
[20:07:21] [info] GREYBOXENGINE: MouseMovedEvent: 753, 269
[20:07:21] [trace] APP: MouseMovedEvent: 753, 269
[20:07:21] [info] GREYBOXENGINE: MouseMovedEvent: 754, 269
[20:07:21] [trace] APP: MouseMovedEvent: 754, 269
[20:07:21] [info] APP: TestLayer::Update
[20:07:21] [info] GREYBOXENGINE: MouseMovedEvent: 772, 269
[20:07:21] [trace] APP: MouseMovedEvent: 772, 269
[20:07:21] [info] GREYBOXENGINE: MouseMovedEvent: 773, 269
[20:07:21] [trace] APP: MouseMovedEvent: 773, 269
[20:07:21] [info] GREYBOXENGINE: MouseMovedEvent: 775, 269
[20:07:21] [trace] APP: MouseMovedEvent: 775, 269
[20:07:21] [info] APP: TestLayer::Update
[20:07:21] [info] GREYBOXENGINE: MouseMovedEvent: 793, 272
[20:07:21] [trace] APP: MouseMovedEvent: 793, 272
[20:07:21] [info] APP: TestLayer::Update
[20:07:21] [info] GREYBOXENGINE: MouseMovedEvent: 813, 278
[20:07:21] [trace] APP: MouseMovedEvent: 813, 278
[20:07:21] [info] GREYBOXENGINE: MouseMovedEvent: 814, 278
[20:07:21] [trace] APP: MouseMovedEvent: 814, 278
[20:07:21] [info] GREYBOXENGINE: MouseMovedEvent: 816, 279
[20:07:21] [trace] APP: MouseMovedEvent: 816, 279
[20:07:21] [info] GREYBOXENGINE: MouseMovedEvent: 817, 279
[20:07:21] [trace] APP: MouseMovedEvent: 817, 279
[20:07:21] [info] GREYBOXENGINE: MouseMovedEvent: 818, 280
[20:07:21] [trace] APP: MouseMovedEvent: 818, 280
[20:07:21] [info] APP: TestLayer::Update
[20:07:21] [info] GREYBOXENGINE: MouseMovedEvent: 833, 287
[20:07:21] [trace] APP: MouseMovedEvent: 833, 287
[20:07:21] [info] GREYBOXENGINE: MouseMovedEvent: 834, 287
[20:07:21] [trace] APP: MouseMovedEvent: 834, 287
[20:07:21] [info] APP: TestLayer::Update
[20:07:21] [info] GREYBOXENGINE: MouseMovedEvent: 849, 295
[20:07:21] [trace] APP: MouseMovedEvent: 849, 295
[20:07:21] [info] APP: TestLayer::Update
[20:07:21] [info] GREYBOXENGINE: MouseMovedEvent: 859, 305
[20:07:21] [trace] APP: MouseMovedEvent: 859, 305
[20:07:21] [info] GREYBOXENGINE: MouseMovedEvent: 860, 305
[20:07:21] [trace] APP: MouseMovedEvent: 860, 305
[20:07:21] [info] GREYBOXENGINE: MouseMovedEvent: 860, 306
[20:07:21] [trace] APP: MouseMovedEvent: 860, 306
[20:07:21] [info] APP: TestLayer::Update
[20:07:21] [info] GREYBOXENGINE: MouseMovedEvent: 867, 315
[20:07:21] [trace] APP: MouseMovedEvent: 867, 315
[20:07:21] [info] GREYBOXENGINE: MouseMovedEvent: 867, 316
[20:07:21] [trace] APP: MouseMovedEvent: 867, 316
[20:07:21] [info] GREYBOXENGINE: MouseMovedEvent: 867, 317
[20:07:21] [trace] APP: MouseMovedEvent: 867, 317
[20:07:21] [info] GREYBOXENGINE: MouseMovedEvent: 868, 317
[20:07:21] [trace] APP: MouseMovedEvent: 868, 317
[20:07:21] [info] GREYBOXENGINE: MouseMovedEvent: 868, 318
[20:07:21] [trace] APP: MouseMovedEvent: 868, 318
[20:07:21] [info] APP: TestLayer::Update
[20:07:21] [info] GREYBOXENGINE: MouseMovedEvent: 871, 326
[20:07:21] [trace] APP: MouseMovedEvent: 871, 326
[20:07:21] [info] APP: TestLayer::Update
[20:07:21] [info] GREYBOXENGINE: MouseMovedEvent: 873, 336
[20:07:21] [trace] APP: MouseMovedEvent: 873, 336
[20:07:21] [info] APP: TestLayer::Update
[20:07:21] [info] GREYBOXENGINE: MouseMovedEvent: 873, 344
[20:07:21] [trace] APP: MouseMovedEvent: 873, 344
[20:07:21] [info] APP: TestLayer::Update
[20:07:21] [info] GREYBOXENGINE: MouseMovedEvent: 872, 351
[20:07:21] [trace] APP: MouseMovedEvent: 872, 351
[20:07:21] [info] APP: TestLayer::Update
[20:07:21] [info] GREYBOXENGINE: MouseMovedEvent: 869, 357
[20:07:21] [trace] APP: MouseMovedEvent: 869, 357
[20:07:21] [info] GREYBOXENGINE: MouseMovedEvent: 868, 357
[20:07:21] [trace] APP: MouseMovedEvent: 868, 357
[20:07:21] [info] GREYBOXENGINE: MouseMovedEvent: 868, 358
[20:07:21] [trace] APP: MouseMovedEvent: 868, 358
[20:07:21] [info] APP: TestLayer::Update
[20:07:21] [info] GREYBOXENGINE: MouseMovedEvent: 864, 363
[20:07:21] [trace] APP: MouseMovedEvent: 864, 363
[20:07:21] [info] GREYBOXENGINE: MouseMovedEvent: 863, 363
[20:07:21] [trace] APP: MouseMovedEvent: 863, 363
[20:07:21] [info] GREYBOXENGINE: MouseMovedEvent: 863, 364
[20:07:21] [trace] APP: MouseMovedEvent: 863, 364
[20:07:21] [info] GREYBOXENGINE: MouseMovedEvent: 862, 364
[20:07:21] [trace] APP: MouseMovedEvent: 862, 364
[20:07:21] [info] GREYBOXENGINE: MouseMovedEvent: 862, 365
[20:07:21] [trace] APP: MouseMovedEvent: 862, 365
[20:07:21] [info] APP: TestLayer::Update
[20:07:21] [info] GREYBOXENGINE: MouseMovedEvent: 856, 369
[20:07:21] [trace] APP: MouseMovedEvent: 856, 369
[20:07:21] [info] APP: TestLayer::Update
[20:07:21] [info] GREYBOXENGINE: MouseMovedEvent: 845, 374
[20:07:21] [trace] APP: MouseMovedEvent: 845, 374
[20:07:21] [info] GREYBOXENGINE: MouseMovedEvent: 843, 375
[20:07:21] [trace] APP: MouseMovedEvent: 843, 375
[20:07:21] [info] GREYBOXENGINE: MouseMovedEvent: 842, 375
[20:07:21] [trace] APP: MouseMovedEvent: 842, 375
[20:07:21] [info] APP: TestLayer::Update
[20:07:21] [info] GREYBOXENGINE: MouseMovedEvent: 831, 378
[20:07:21] [trace] APP: MouseMovedEvent: 831, 378
[20:07:21] [info] GREYBOXENGINE: MouseMovedEvent: 830, 378
[20:07:21] [trace] APP: MouseMovedEvent: 830, 378
[20:07:21] [info] APP: TestLayer::Update
[20:07:21] [info] GREYBOXENGINE: MouseMovedEvent: 816, 379
[20:07:21] [trace] APP: MouseMovedEvent: 816, 379
[20:07:21] [info] GREYBOXENGINE: MouseMovedEvent: 815, 379
[20:07:21] [trace] APP: MouseMovedEvent: 815, 379
[20:07:21] [info] APP: TestLayer::Update
[20:07:21] [info] GREYBOXENGINE: MouseMovedEvent: 798, 379
[20:07:21] [trace] APP: MouseMovedEvent: 798, 379
[20:07:21] [info] GREYBOXENGINE: MouseMovedEvent: 797, 379
[20:07:21] [trace] APP: MouseMovedEvent: 797, 379
[20:07:21] [info] GREYBOXENGINE: MouseMovedEvent: 796, 379
[20:07:21] [trace] APP: MouseMovedEvent: 796, 379
[20:07:21] [info] GREYBOXENGINE: MouseMovedEvent: 795, 379
[20:07:21] [trace] APP: MouseMovedEvent: 795, 379
[20:07:21] [info] APP: TestLayer::Update
[20:07:21] [info] GREYBOXENGINE: MouseMovedEvent: 779, 375
[20:07:21] [trace] APP: MouseMovedEvent: 779, 375
[20:07:21] [info] GREYBOXENGINE: MouseMovedEvent: 778, 375
[20:07:21] [trace] APP: MouseMovedEvent: 778, 375
[20:07:21] [info] GREYBOXENGINE: MouseMovedEvent: 777, 375
[20:07:21] [trace] APP: MouseMovedEvent: 777, 375
[20:07:21] [info] APP: TestLayer::Update
[20:07:21] [info] GREYBOXENGINE: MouseMovedEvent: 759, 367
[20:07:21] [trace] APP: MouseMovedEvent: 759, 367
[20:07:21] [info] APP: TestLayer::Update
[20:07:21] [info] GREYBOXENGINE: MouseMovedEvent: 742, 358
[20:07:21] [trace] APP: MouseMovedEvent: 742, 358
[20:07:21] [info] GREYBOXENGINE: MouseMovedEvent: 741, 358
[20:07:21] [trace] APP: MouseMovedEvent: 741, 358
[20:07:21] [info] GREYBOXENGINE: MouseMovedEvent: 740, 357
[20:07:21] [trace] APP: MouseMovedEvent: 740, 357
[20:07:21] [info] GREYBOXENGINE: MouseMovedEvent: 739, 356
[20:07:21] [trace] APP: MouseMovedEvent: 739, 356
[20:07:21] [info] APP: TestLayer::Update
[20:07:21] [info] GREYBOXENGINE: MouseMovedEvent: 727, 347
[20:07:21] [trace] APP: MouseMovedEvent: 727, 347
[20:07:21] [info] GREYBOXENGINE: MouseMovedEvent: 726, 346
[20:07:21] [trace] APP: MouseMovedEvent: 726, 346
[20:07:21] [info] GREYBOXENGINE: MouseMovedEvent: 725, 346
[20:07:21] [trace] APP: MouseMovedEvent: 725, 346
[20:07:21] [info] APP: TestLayer::Update
[20:07:21] [info] GREYBOXENGINE: MouseMovedEvent: 717, 336
[20:07:21] [trace] APP: MouseMovedEvent: 717, 336
[20:07:21] [info] GREYBOXENGINE: MouseMovedEvent: 717, 335
[20:07:21] [trace] APP: MouseMovedEvent: 717, 335
[20:07:21] [info] APP: TestLayer::Update
[20:07:21] [info] GREYBOXENGINE: MouseMovedEvent: 712, 326
[20:07:21] [trace] APP: MouseMovedEvent: 712, 326
[20:07:21] [info] APP: TestLayer::Update
[20:07:21] [info] GREYBOXENGINE: MouseMovedEvent: 711, 319
[20:07:21] [trace] APP: MouseMovedEvent: 711, 319
[20:07:21] [info] GREYBOXENGINE: MouseMovedEvent: 711, 318
[20:07:21] [trace] APP: MouseMovedEvent: 711, 318
[20:07:21] [info] APP: TestLayer::Update
[20:07:21] [info] GREYBOXENGINE: MouseMovedEvent: 711, 313
[20:07:21] [trace] APP: MouseMovedEvent: 711, 313
[20:07:21] [info] APP: TestLayer::Update
[20:07:21] [info] GREYBOXENGINE: MouseMovedEvent: 712, 310
[20:07:21] [trace] APP: MouseMovedEvent: 712, 310
[20:07:21] [info] APP: TestLayer::Update
[20:07:21] [info] GREYBOXENGINE: MouseMovedEvent: 712, 309
[20:07:21] [trace] APP: MouseMovedEvent: 712, 309
[20:07:21] [info] APP: TestLayer::Update
[20:07:21] [info] APP: TestLayer::Update
[20:07:21] [info] APP: TestLayer::Update
[20:07:21] [info] APP: TestLayer::Update
[20:07:21] [info] APP: TestLayer::Update
[20:07:21] [info] APP: TestLayer::Update
[20:07:22] [info] APP: TestLayer::Update
[20:07:22] [info] APP: TestLayer::Update
[20:07:22] [info] APP: TestLayer::Update
[20:07:22] [info] APP: TestLayer::Update
[20:07:22] [info] APP: TestLayer::Update
[20:07:22] [info] APP: TestLayer::Update
[20:07:22] [info] APP: TestLayer::Update
[20:07:22] [info] APP: TestLayer::Update
[20:07:22] [info] APP: TestLayer::Update
[20:07:22] [info] APP: TestLayer::Update
[20:07:22] [info] APP: TestLayer::Update
[20:07:22] [info] APP: TestLayer::Update
[20:07:22] [info] APP: TestLayer::Update
[20:07:22] [info] APP: TestLayer::Update
[20:07:22] [info] APP: TestLayer::Update
[20:07:22] [info] APP: TestLayer::Update
[20:07:22] [info] APP: TestLayer::Update
[20:07:22] [info] APP: TestLayer::Update
[20:07:22] [info] APP: TestLayer::Update
[20:07:22] [info] APP: TestLayer::Update
[20:07:22] [info] APP: TestLayer::Update
[20:07:22] [info] APP: TestLayer::Update
[20:07:22] [info] APP: TestLayer::Update
[20:07:22] [info] APP: TestLayer::Update
[20:07:22] [info] APP: TestLayer::Update
[20:07:22] [info] APP: TestLayer::Update
[20:07:22] [info] APP: TestLayer::Update
[20:07:22] [info] APP: TestLayer::Update
[20:07:22] [info] APP: TestLayer::Update
[20:07:22] [info] APP: TestLayer::Update
[20:07:22] [info] APP: TestLayer::Update
[20:07:22] [info] APP: TestLayer::Update
[20:07:22] [info] APP: TestLayer::Update
[20:07:22] [info] APP: TestLayer::Update
[20:07:22] [info] APP: TestLayer::Update
[20:07:22] [info] APP: TestLayer::Update
[20:07:22] [info] APP: TestLayer::Update
[20:07:22] [info] APP: TestLayer::Update
[20:07:22] [info] APP: TestLayer::Update
[20:07:22] [info] APP: TestLayer::Update
[20:07:22] [info] APP: TestLayer::Update
[20:07:22] [info] APP: TestLayer::Update
[20:07:22] [info] APP: TestLayer::Update
[20:07:22] [info] APP: TestLayer::Update
[20:07:22] [info] APP: TestLayer::Update
[20:07:22] [info] APP: TestLayer::Update
[20:07:22] [info] APP: TestLayer::Update
[20:07:22] [info] APP: TestLayer::Update
[20:07:22] [info] APP: TestLayer::Update
[20:07:22] [info] APP: TestLayer::Update
[20:07:22] [info] APP: TestLayer::Update
[20:07:22] [info] APP: TestLayer::Update
[20:07:22] [info] APP: TestLayer::Update
[20:07:22] [info] GREYBOXENGINE: MouseMovedEvent: 716, 307
[20:07:22] [trace] APP: MouseMovedEvent: 716, 307
[20:07:22] [info] GREYBOXENGINE: MouseMovedEvent: 717, 306
[20:07:22] [trace] APP: MouseMovedEvent: 717, 306
[20:07:22] [info] GREYBOXENGINE: MouseMovedEvent: 718, 306
[20:07:22] [trace] APP: MouseMovedEvent: 718, 306
[20:07:22] [info] GREYBOXENGINE: MouseMovedEvent: 719, 305
[20:07:22] [trace] APP: MouseMovedEvent: 719, 305
[20:07:22] [info] APP: TestLayer::Update
[20:07:22] [info] GREYBOXENGINE: MouseMovedEvent: 735, 299
[20:07:22] [trace] APP: MouseMovedEvent: 735, 299
[20:07:22] [info] GREYBOXENGINE: MouseMovedEvent: 736, 298
[20:07:22] [trace] APP: MouseMovedEvent: 736, 298
[20:07:22] [info] APP: TestLayer::Update
[20:07:22] [info] GREYBOXENGINE: MouseMovedEvent: 769, 282
[20:07:22] [trace] APP: MouseMovedEvent: 769, 282
[20:07:22] [info] GREYBOXENGINE: MouseMovedEvent: 772, 281
[20:07:22] [trace] APP: MouseMovedEvent: 772, 281
[20:07:22] [info] GREYBOXENGINE: MouseMovedEvent: 775, 280
[20:07:22] [trace] APP: MouseMovedEvent: 775, 280
[20:07:22] [info] GREYBOXENGINE: MouseMovedEvent: 778, 279
[20:07:22] [trace] APP: MouseMovedEvent: 778, 279
[20:07:22] [info] GREYBOXENGINE: MouseMovedEvent: 781, 277
[20:07:22] [trace] APP: MouseMovedEvent: 781, 277
[20:07:22] [info] GREYBOXENGINE: MouseMovedEvent: 784, 276
[20:07:22] [trace] APP: MouseMovedEvent: 784, 276
[20:07:22] [info] APP: TestLayer::Update
[20:07:22] [info] GREYBOXENGINE: MouseMovedEvent: 830, 255
[20:07:22] [trace] APP: MouseMovedEvent: 830, 255
[20:07:22] [info] GREYBOXENGINE: MouseMovedEvent: 835, 253
[20:07:22] [trace] APP: MouseMovedEvent: 835, 253
[20:07:22] [info] GREYBOXENGINE: MouseMovedEvent: 839, 250
[20:07:22] [trace] APP: MouseMovedEvent: 839, 250
[20:07:22] [info] APP: TestLayer::Update
[20:07:22] [info] GREYBOXENGINE: MouseMovedEvent: 919, 212
[20:07:22] [trace] APP: MouseMovedEvent: 919, 212
[20:07:22] [info] GREYBOXENGINE: MouseMovedEvent: 924, 209
[20:07:22] [trace] APP: MouseMovedEvent: 924, 209
[20:07:22] [info] GREYBOXENGINE: MouseMovedEvent: 930, 206
[20:07:22] [trace] APP: MouseMovedEvent: 930, 206
[20:07:22] [info] APP: TestLayer::Update
[20:07:22] [info] GREYBOXENGINE: MouseMovedEvent: 1019, 164
[20:07:22] [trace] APP: MouseMovedEvent: 1019, 164
[20:07:22] [info] APP: TestLayer::Update
[20:07:22] [info] GREYBOXENGINE: MouseMovedEvent: 1107, 121
[20:07:22] [trace] APP: MouseMovedEvent: 1107, 121
[20:07:22] [info] GREYBOXENGINE: MouseMovedEvent: 1112, 119
[20:07:22] [trace] APP: MouseMovedEvent: 1112, 119
[20:07:22] [info] GREYBOXENGINE: MouseMovedEvent: 1117, 116
[20:07:22] [trace] APP: MouseMovedEvent: 1117, 116
[20:07:22] [info] GREYBOXENGINE: MouseMovedEvent: 1122, 114
[20:07:22] [trace] APP: MouseMovedEvent: 1122, 114
[20:07:22] [info] APP: TestLayer::Update
[20:07:22] [info] GREYBOXENGINE: MouseMovedEvent: 1183, 86
[20:07:22] [trace] APP: MouseMovedEvent: 1183, 86
[20:07:22] [info] GREYBOXENGINE: MouseMovedEvent: 1186, 85
[20:07:22] [trace] APP: MouseMovedEvent: 1186, 85
[20:07:22] [info] GREYBOXENGINE: MouseMovedEvent: 1190, 83
[20:07:22] [trace] APP: MouseMovedEvent: 1190, 83
[20:07:23] [info] APP: TestLayer::Update
[20:07:23] [info] GREYBOXENGINE: MouseMovedEvent: 1232, 63
[20:07:23] [trace] APP: MouseMovedEvent: 1232, 63
[20:07:23] [info] GREYBOXENGINE: MouseMovedEvent: 1235, 61
[20:07:23] [trace] APP: MouseMovedEvent: 1235, 61
[20:07:23] [info] GREYBOXENGINE: MouseMovedEvent: 1237, 60
[20:07:23] [trace] APP: MouseMovedEvent: 1237, 60
[20:07:23] [info] GREYBOXENGINE: MouseMovedEvent: 1239, 59
[20:07:23] [trace] APP: MouseMovedEvent: 1239, 59
[20:07:23] [info] GREYBOXENGINE: MouseMovedEvent: 1241, 58
[20:07:23] [trace] APP: MouseMovedEvent: 1241, 58
[20:07:23] [info] GREYBOXENGINE: MouseMovedEvent: 1243, 57
[20:07:23] [trace] APP: MouseMovedEvent: 1243, 57
[20:07:23] [info] APP: TestLayer::Update
[20:07:23] [info] GREYBOXENGINE: MouseMovedEvent: 1260, 47
[20:07:23] [trace] APP: MouseMovedEvent: 1260, 47
[20:07:23] [info] APP: TestLayer::Update
[20:07:23] [info] GREYBOXENGINE: MouseMovedEvent: 1268, 39
[20:07:23] [trace] APP: MouseMovedEvent: 1268, 39
[20:07:23] [info] APP: TestLayer::Update
[20:07:23] [info] GREYBOXENGINE: MouseMovedEvent: 1269, 32
[20:07:23] [trace] APP: MouseMovedEvent: 1269, 32
[20:07:23] [info] APP: TestLayer::Update
[20:07:23] [info] GREYBOXENGINE: MouseMovedEvent: 1269, 26
[20:07:23] [trace] APP: MouseMovedEvent: 1269, 26
[20:07:23] [info] APP: TestLayer::Update
[20:07:23] [info] GREYBOXENGINE: MouseMovedEvent: 1270, 21
[20:07:23] [trace] APP: MouseMovedEvent: 1270, 21
[20:07:23] [info] APP: TestLayer::Update
[20:07:23] [info] GREYBOXENGINE: MouseMovedEvent: 1270, 16
[20:07:23] [trace] APP: MouseMovedEvent: 1270, 16
[20:07:23] [info] APP: TestLayer::Update
[20:07:23] [info] GREYBOXENGINE: MouseMovedEvent: 1272, 10
[20:07:23] [trace] APP: MouseMovedEvent: 1272, 10
[20:07:23] [info] APP: TestLayer::Update
[20:07:23] [info] GREYBOXENGINE: MouseMovedEvent: 1273, 4
[20:07:23] [trace] APP: MouseMovedEvent: 1273, 4
[20:07:23] [info] APP: TestLayer::Update
[20:07:23] [info] GREYBOXENGINE: MouseMovedEvent: 1273, 1
[20:07:23] [trace] APP: MouseMovedEvent: 1273, 1
[20:07:23] [info] APP: TestLayer::Update
[20:07:23] [info] APP: TestLayer::Update
[20:07:23] [info] APP: TestLayer::Update
[20:07:23] [info] APP: TestLayer::Update
[20:07:23] [info] APP: TestLayer::Update
[20:07:23] [info] APP: TestLayer::Update
[20:07:23] [info] APP: TestLayer::Update
[20:07:23] [info] APP: TestLayer::Update
[20:07:23] [info] APP: TestLayer::Update
[20:07:23] [info] APP: TestLayer::Update
[20:07:23] [info] APP: TestLayer::Update
[20:07:23] [info] APP: TestLayer::Update
[20:07:23] [info] APP: TestLayer::Update
[20:07:23] [info] APP: TestLayer::Update
[20:07:23] [info] APP: TestLayer::Update
[20:07:23] [info] APP: TestLayer::Update
[20:07:23] [info] APP: TestLayer::Update
[20:07:23] [info] APP: TestLayer::Update
[20:07:23] [info] APP: TestLayer::Update
[20:07:23] [info] APP: TestLayer::Update
[20:07:23] [info] APP: TestLayer::Update
[20:07:23] [info] APP: TestLayer::Update
[20:07:23] [info] APP: TestLayer::Update
[20:07:23] [info] APP: TestLayer::Update
[20:07:23] [info] APP: TestLayer::Update
[20:07:23] [info] APP: TestLayer::Update
[20:07:23] [info] APP: TestLayer::Update
[20:07:23] [info] APP: TestLayer::Update
[20:07:23] [info] APP: TestLayer::Update
[20:07:23] [info] APP: TestLayer::Update
[20:07:23] [info] APP: TestLayer::Update
[20:07:23] [info] APP: TestLayer::Update
[20:07:23] [info] APP: TestLayer::Update
[20:07:23] [info] GREYBOXENGINE: WindowClose
[20:07:23] [trace] APP: WindowClose
